#
# There is insufficient memory for the Java Runtime Environment to continue.
# Native memory allocation (mmap) failed to map 204996608 bytes for committing reserved memory.
# Possible reasons:
#   The system is out of physical RAM or swap space
#   In 32 bit mode, the process size limit was hit
# Possible solutions:
#   Reduce memory load on the system
#   Increase physical memory or swap space
#   Check if swap backing store is full
#   Use 64 bit Java on a 64 bit OS
#   Decrease Java heap size (-Xmx/-Xms)
#   Decrease number of Java threads
#   Decrease Java thread stack sizes (-Xss)
#   Set larger code cache with -XX:ReservedCodeCacheSize=
# This output file may be truncated or incomplete.
#
#  Out of Memory Error (os_linux.cpp:2627), pid=11850, tid=139884324943616
#
# JRE version: Java(TM) SE Runtime Environment (8.0_77-b03) (build 1.8.0_77-b03)
# Java VM: Java HotSpot(TM) 64-Bit Server VM (25.77-b03 mixed mode linux-amd64 compressed oops)
# Failed to write core dump. Core dumps have been disabled. To enable core dumping, try "ulimit -c unlimited" before starting Java again
#

---------------  T H R E A D  ---------------

Current thread (0x00007f3978080000):  VMThread [stack: 0x00007f395b6f7000,0x00007f395b7f8000] [id=11867]

Stack: [0x00007f395b6f7000,0x00007f395b7f8000],  sp=0x00007f395b7f65d0,  free space=1021k
Native frames: (J=compiled Java code, j=interpreted, Vv=VM code, C=native code)
V  [libjvm.so+0xaba7ea]  VMError::report_and_die()+0x2ba
V  [libjvm.so+0x4f9e3b]  report_vm_out_of_memory(char const*, int, unsigned long, VMErrorType, char const*)+0x8b
V  [libjvm.so+0x91b613]  os::Linux::commit_memory_impl(char*, unsigned long, bool)+0x103
V  [libjvm.so+0x91bb69]  os::pd_commit_memory(char*, unsigned long, unsigned long, bool)+0x29
V  [libjvm.so+0x915e6a]  os::commit_memory(char*, unsigned long, unsigned long, bool)+0x2a
V  [libjvm.so+0x989543]  PSVirtualSpace::expand_by(unsigned long)+0x53
V  [libjvm.so+0x979bf9]  PSOldGen::expand_by(unsigned long)+0x49
V  [libjvm.so+0x979e65]  PSOldGen::expand(unsigned long)+0x1a5
V  [libjvm.so+0x97a0ea]  PSOldGen::expand_and_allocate(unsigned long)+0x1a
V  [libjvm.so+0x97a20b]  PSOldGen::allocate(unsigned long)+0xcb
V  [libjvm.so+0x93f3d6]  ParallelScavengeHeap::failed_mem_allocate(unsigned long)+0x146
V  [libjvm.so+0xabc207]  VM_ParallelGCFailedAllocation::doit()+0x97
V  [libjvm.so+0xac3c35]  VM_Operation::evaluate()+0x55
V  [libjvm.so+0xac200a]  VMThread::evaluate_operation(VM_Operation*)+0xba
V  [libjvm.so+0xac238e]  VMThread::loop()+0x1ce
V  [libjvm.so+0xac2800]  VMThread::run()+0x70
V  [libjvm.so+0x91d9d8]  java_start(Thread*)+0x108

VM_Operation (0x00007f38c8d56900): ParallelGCFailedAllocation, mode: safepoint, requested by thread 0x00007f38d002d800


---------------  P R O C E S S  ---------------

Java Threads: ( => current thread )
  0x00007f38d0031000 JavaThread "pool-1-thread-8" [_thread_blocked, id=11917, stack(0x00007f38c8a57000,0x00007f38c8b58000)]
  0x00007f38d002f800 JavaThread "pool-1-thread-7" [_thread_blocked, id=11916, stack(0x00007f38c8b58000,0x00007f38c8c59000)]
  0x00007f38d002d800 JavaThread "pool-1-thread-6" [_thread_blocked, id=11915, stack(0x00007f38c8c59000,0x00007f38c8d5a000)]
  0x00007f38d002c000 JavaThread "pool-1-thread-5" [_thread_blocked, id=11914, stack(0x00007f390003d000,0x00007f390013e000)]
  0x00007f38d002b000 JavaThread "pool-1-thread-4" [_thread_blocked, id=11913, stack(0x00007f3948050000,0x00007f3948151000)]
  0x00007f38d002a000 JavaThread "pool-1-thread-3" [_thread_blocked, id=11912, stack(0x00007f3940e8d000,0x00007f3940f8e000)]
  0x00007f38d0029000 JavaThread "pool-1-thread-2" [_thread_blocked, id=11911, stack(0x00007f3901188000,0x00007f3901289000)]
  0x00007f38d0028000 JavaThread "pool-1-thread-1" [_thread_blocked, id=11910, stack(0x00007f3900a07000,0x00007f3900b08000)]
  0x00007f38e834f800 JavaThread "Thread-3" [_thread_blocked, id=11909, stack(0x00007f39002bf000,0x00007f39003c0000)]
  0x00007f38e8188000 JavaThread "TimerQueue" daemon [_thread_blocked, id=11896, stack(0x00007f39001be000,0x00007f39002bf000)]
  0x00007f397800a000 JavaThread "DestroyJavaVM" [_thread_blocked, id=11858, stack(0x00007f398134a000,0x00007f398144b000)]
  0x00007f39785ad800 JavaThread "AWT-EventQueue-0" [_thread_blocked, id=11887, stack(0x00007f3901289000,0x00007f390138a000)]
  0x00007f39785ac000 JavaThread "AWT-Shutdown" [_thread_blocked, id=11886, stack(0x00007f3940078000,0x00007f3940179000)]
  0x00007f39783bf800 JavaThread "AWT-XAWT" daemon [_thread_blocked, id=11879, stack(0x00007f394b8d9000,0x00007f394b9da000)]
  0x00007f397839d800 JavaThread "Java2D Disposer" daemon [_thread_blocked, id=11878, stack(0x00007f39580a8000,0x00007f39581a9000)]
  0x00007f39782c9800 JavaThread "Timer-0" daemon [_thread_blocked, id=11877, stack(0x00007f3959ce5000,0x00007f3959de6000)]
  0x00007f39780d3000 JavaThread "Service Thread" daemon [_thread_blocked, id=11875, stack(0x00007f395a3ff000,0x00007f395a500000)]
  0x00007f39780c8000 JavaThread "C1 CompilerThread3" daemon [_thread_blocked, id=11874, stack(0x00007f395a500000,0x00007f395a601000)]
  0x00007f39780c5800 JavaThread "C2 CompilerThread2" daemon [_thread_blocked, id=11873, stack(0x00007f395a601000,0x00007f395a702000)]
  0x00007f39780c4000 JavaThread "C2 CompilerThread1" daemon [_thread_blocked, id=11872, stack(0x00007f395a702000,0x00007f395a803000)]
  0x00007f39780c1000 JavaThread "C2 CompilerThread0" daemon [_thread_blocked, id=11871, stack(0x00007f395a803000,0x00007f395a904000)]
  0x00007f39780bf800 JavaThread "Signal Dispatcher" daemon [_thread_blocked, id=11870, stack(0x00007f395a904000,0x00007f395aa05000)]
  0x00007f397808c000 JavaThread "Finalizer" daemon [_thread_blocked, id=11869, stack(0x00007f395b4f5000,0x00007f395b5f6000)]
  0x00007f3978087800 JavaThread "Reference Handler" daemon [_thread_blocked, id=11868, stack(0x00007f395b5f6000,0x00007f395b6f7000)]

Other Threads:
=>0x00007f3978080000 VMThread [stack: 0x00007f395b6f7000,0x00007f395b7f8000] [id=11867]
  0x00007f39780d5800 WatcherThread [stack: 0x00007f395a2fe000,0x00007f395a3ff000] [id=11876]

VM state:at safepoint (normal execution)

VM Mutex/Monitor currently owned by a thread:  ([mutex/lock_event])
[0x00007f3978005cd0] ExpandHeap_lock - owner thread: 0x00007f3978080000
[0x00007f3978006350] Threads_lock - owner thread: 0x00007f3978080000
[0x00007f3978006850] Heap_lock - owner thread: 0x00007f38d002d800

Heap:
 PSYoungGen      total 521216K, used 0K [0x00000000d6b00000, 0x0000000100000000, 0x0000000100000000)
  eden space 476160K, 0% used [0x00000000d6b00000,0x00000000d6b00000,0x00000000f3c00000)
  from space 45056K, 0% used [0x00000000f3c00000,0x00000000f3c00000,0x00000000f6800000)
  to   space 45056K, 0% used [0x00000000fd400000,0x00000000fd400000,0x0000000100000000)
 ParOldGen       total 1154560K, used 798596K [0x0000000084000000, 0x00000000ca780000, 0x00000000d6b00000)
  object space 1154560K, 69% used [0x0000000084000000,0x00000000b4be1050,0x00000000ca780000)
 Metaspace       used 28336K, capacity 28606K, committed 29056K, reserved 1075200K
  class space    used 3330K, capacity 3424K, committed 3456K, reserved 1048576K

Card table byte_map: [0x00007f397dd22000,0x00007f397e103000] byte_map_base: 0x00007f397d902000

Marking Bits: (ParMarkBitMap*) 0x00007f3980820100
 Begin Bits: [0x00007f3960200000, 0x00007f3962100000)
 End Bits:   [0x00007f3962100000, 0x00007f3964000000)

Polling page: 0x00007f398146e000

CodeCache: size=245760Kb used=17802Kb max_used=17818Kb free=227957Kb
 bounds [0x00007f3969000000, 0x00007f396a180000, 0x00007f3978000000]
 total_blobs=5344 nmethods=4688 adapters=566
 compilation: enabled

Compilation events (10 events):
Event: 33,914 Thread 0x00007f39780c1000 nmethod 5352 0x00007f396a1754d0 code [0x00007f396a175900, 0x00007f396a177530]
Event: 33,914 Thread 0x00007f39780c1000 5369       4       jadx.core.codegen.CodeWriter::updateIndent (69 bytes)
Event: 33,924 Thread 0x00007f39780c8000 5423       2       java.lang.Long::equals (30 bytes)
Event: 33,925 Thread 0x00007f39780c8000 nmethod 5423 0x00007f396a161110 code [0x00007f396a161280, 0x00007f396a161490]
Event: 33,928 Thread 0x00007f39780c1000 nmethod 5369 0x00007f396a160050 code [0x00007f396a1601e0, 0x00007f396a160a98]
Event: 33,928 Thread 0x00007f39780c1000 5357       4       jadx.core.utils.RegionUtils::insnsCount (111 bytes)
Event: 33,959 Thread 0x00007f39780c1000 nmethod 5357 0x00007f396a179dd0 code [0x00007f396a17a120, 0x00007f396a17b538]
Event: 33,959 Thread 0x00007f39780c1000 5365       4       java.util.AbstractCollection::<init> (5 bytes)
Event: 33,959 Thread 0x00007f39780c1000 nmethod 5365 0x00007f3969756b10 code [0x00007f3969756c60, 0x00007f3969756cb8]
Event: 33,959 Thread 0x00007f39780c1000 5363       4       jadx.core.dex.instructions.InsnDecoder::insn (26 bytes)

GC Heap History (10 events):
Event: 29,301 GC heap before
{Heap before GC invocations=18 (full 5):
 PSYoungGen      total 435712K, used 6675K [0x00000000d6b00000, 0x00000000fa680000, 0x0000000100000000)
  eden space 390656K, 0% used [0x00000000d6b00000,0x00000000d6b00000,0x00000000ee880000)
  from space 45056K, 14% used [0x00000000ee880000,0x00000000eef04e50,0x00000000f1480000)
  to   space 45056K, 0% used [0x00000000f7a80000,0x00000000f7a80000,0x00000000fa680000)
 ParOldGen       total 487424K, used 435821K [0x0000000084000000, 0x00000000a1c00000, 0x00000000d6b00000)
  object space 487424K, 89% used [0x0000000084000000,0x000000009e99b4a0,0x00000000a1c00000)
 Metaspace       used 28292K, capacity 28542K, committed 28800K, reserved 1075200K
  class space    used 3330K, capacity 3424K, committed 3456K, reserved 1048576K
Event: 29,770 GC heap after
Heap after GC invocations=18 (full 5):
 PSYoungGen      total 435712K, used 0K [0x00000000d6b00000, 0x00000000fa680000, 0x0000000100000000)
  eden space 390656K, 0% used [0x00000000d6b00000,0x00000000d6b00000,0x00000000ee880000)
  from space 45056K, 0% used [0x00000000ee880000,0x00000000ee880000,0x00000000f1480000)
  to   space 45056K, 0% used [0x00000000f7a80000,0x00000000f7a80000,0x00000000fa680000)
 ParOldGen       total 546304K, used 266309K [0x0000000084000000, 0x00000000a5580000, 0x00000000d6b00000)
  object space 546304K, 48% used [0x0000000084000000,0x0000000094411468,0x00000000a5580000)
 Metaspace       used 28292K, capacity 28542K, committed 28800K, reserved 1075200K
  class space    used 3330K, capacity 3424K, committed 3456K, reserved 1048576K
}
Event: 31,735 GC heap before
{Heap before GC invocations=19 (full 6):
 PSYoungGen      total 435712K, used 390656K [0x00000000d6b00000, 0x00000000fa680000, 0x0000000100000000)
  eden space 390656K, 100% used [0x00000000d6b00000,0x00000000ee880000,0x00000000ee880000)
  from space 45056K, 0% used [0x00000000ee880000,0x00000000ee880000,0x00000000f1480000)
  to   space 45056K, 0% used [0x00000000f7a80000,0x00000000f7a80000,0x00000000fa680000)
 ParOldGen       total 957440K, used 950792K [0x0000000084000000, 0x00000000be700000, 0x00000000d6b00000)
  object space 957440K, 99% used [0x0000000084000000,0x00000000be0820f8,0x00000000be700000)
 Metaspace       used 28308K, capacity 28542K, committed 28800K, reserved 1075200K
  class space    used 3330K, capacity 3424K, committed 3456K, reserved 1048576K
Event: 32,901 GC heap after
Heap after GC invocations=19 (full 6):
 PSYoungGen      total 435712K, used 0K [0x00000000d6b00000, 0x00000000fa680000, 0x0000000100000000)
  eden space 390656K, 0% used [0x00000000d6b00000,0x00000000d6b00000,0x00000000ee880000)
  from space 45056K, 0% used [0x00000000ee880000,0x00000000ee880000,0x00000000f1480000)
  to   space 45056K, 0% used [0x00000000f7a80000,0x00000000f7a80000,0x00000000fa680000)
 ParOldGen       total 886272K, used 567729K [0x0000000084000000, 0x00000000ba180000, 0x00000000d6b00000)
  object space 886272K, 64% used [0x0000000084000000,0x00000000a6a6c5e8,0x00000000ba180000)
 Metaspace       used 28308K, capacity 28542K, committed 28800K, reserved 1075200K
  class space    used 3330K, capacity 3424K, committed 3456K, reserved 1048576K
}
Event: 33,961 GC heap before
{Heap before GC invocations=20 (full 6):
 PSYoungGen      total 435712K, used 149353K [0x00000000d6b00000, 0x00000000fa680000, 0x0000000100000000)
  eden space 390656K, 38% used [0x00000000d6b00000,0x00000000dfcda768,0x00000000ee880000)
  from space 45056K, 0% used [0x00000000ee880000,0x00000000ee880000,0x00000000f1480000)
  to   space 45056K, 0% used [0x00000000f7a80000,0x00000000f7a80000,0x00000000fa680000)
 ParOldGen       total 1354752K, used 1183764K [0x0000000084000000, 0x00000000d6b00000, 0x00000000d6b00000)
  object space 1354752K, 87% used [0x0000000084000000,0x00000000cc405128,0x00000000d6b00000)
 Metaspace       used 28336K, capacity 28606K, committed 29056K, reserved 1075200K
  class space    used 3330K, capacity 3424K, committed 3456K, reserved 1048576K
Event: 34,104 GC heap after
Heap after GC invocations=20 (full 6):
 PSYoungGen      total 480768K, used 26024K [0x00000000d6b00000, 0x00000000f9400000, 0x0000000100000000)
  eden space 454656K, 0% used [0x00000000d6b00000,0x00000000d6b00000,0x00000000f2700000)
  from space 26112K, 99% used [0x00000000f7a80000,0x00000000f93ea078,0x00000000f9400000)
  to   space 45056K, 0% used [0x00000000f3c00000,0x00000000f3c00000,0x00000000f6800000)
 ParOldGen       total 1354752K, used 1183772K [0x0000000084000000, 0x00000000d6b00000, 0x00000000d6b00000)
  object space 1354752K, 87% used [0x0000000084000000,0x00000000cc407128,0x00000000d6b00000)
 Metaspace       used 28336K, capacity 28606K, committed 29056K, reserved 1075200K
  class space    used 3330K, capacity 3424K, committed 3456K, reserved 1048576K
}
Event: 34,104 GC heap before
{Heap before GC invocations=21 (full 6):
 PSYoungGen      total 480768K, used 26024K [0x00000000d6b00000, 0x00000000f9400000, 0x0000000100000000)
  eden space 454656K, 0% used [0x00000000d6b00000,0x00000000d6b00000,0x00000000f2700000)
  from space 26112K, 99% used [0x00000000f7a80000,0x00000000f93ea078,0x00000000f9400000)
  to   space 45056K, 0% used [0x00000000f3c00000,0x00000000f3c00000,0x00000000f6800000)
 ParOldGen       total 1354752K, used 1183772K [0x0000000084000000, 0x00000000d6b00000, 0x00000000d6b00000)
  object space 1354752K, 87% used [0x0000000084000000,0x00000000cc407128,0x00000000d6b00000)
 Metaspace       used 28336K, capacity 28606K, committed 29056K, reserved 1075200K
  class space    used 3330K, capacity 3424K, committed 3456K, reserved 1048576K
Event: 34,233 GC heap after
Heap after GC invocations=21 (full 6):
 PSYoungGen      total 521216K, used 26065K [0x00000000d6b00000, 0x0000000100000000, 0x0000000100000000)
  eden space 476160K, 0% used [0x00000000d6b00000,0x00000000d6b00000,0x00000000f3c00000)
  from space 45056K, 57% used [0x00000000f3c00000,0x00000000f5574728,0x00000000f6800000)
  to   space 45056K, 0% used [0x00000000fd400000,0x00000000fd400000,0x0000000100000000)
 ParOldGen       total 1354752K, used 1183772K [0x0000000084000000, 0x00000000d6b00000, 0x00000000d6b00000)
  object space 1354752K, 87% used [0x0000000084000000,0x00000000cc407128,0x00000000d6b00000)
 Metaspace       used 28336K, capacity 28606K, committed 29056K, reserved 1075200K
  class space    used 3330K, capacity 3424K, committed 3456K, reserved 1048576K
}
Event: 34,233 GC heap before
{Heap before GC invocations=22 (full 7):
 PSYoungGen      total 521216K, used 26065K [0x00000000d6b00000, 0x0000000100000000, 0x0000000100000000)
  eden space 476160K, 0% used [0x00000000d6b00000,0x00000000d6b00000,0x00000000f3c00000)
  from space 45056K, 57% used [0x00000000f3c00000,0x00000000f5574728,0x00000000f6800000)
  to   space 45056K, 0% used [0x00000000fd400000,0x00000000fd400000,0x0000000100000000)
 ParOldGen       total 1354752K, used 1183772K [0x0000000084000000, 0x00000000d6b00000, 0x00000000d6b00000)
  object space 1354752K, 87% used [0x0000000084000000,0x00000000cc407128,0x00000000d6b00000)
 Metaspace       used 28336K, capacity 28606K, committed 29056K, reserved 1075200K
  class space    used 3330K, capacity 3424K, committed 3456K, reserved 1048576K
Event: 35,987 GC heap after
Heap after GC invocations=22 (full 7):
 PSYoungGen      total 521216K, used 0K [0x00000000d6b00000, 0x0000000100000000, 0x0000000100000000)
  eden space 476160K, 0% used [0x00000000d6b00000,0x00000000d6b00000,0x00000000f3c00000)
  from space 45056K, 0% used [0x00000000f3c00000,0x00000000f3c00000,0x00000000f6800000)
  to   space 45056K, 0% used [0x00000000fd400000,0x00000000fd400000,0x0000000100000000)
 ParOldGen       total 1154560K, used 798596K [0x0000000084000000, 0x00000000ca780000, 0x00000000d6b00000)
  object space 1154560K, 69% used [0x0000000084000000,0x00000000b4be1050,0x00000000ca780000)
 Metaspace       used 28336K, capacity 28606K, committed 29056K, reserved 1075200K
  class space    used 3330K, capacity 3424K, committed 3456K, reserved 1048576K
}

Deoptimization events (10 events):
Event: 28,981 Thread 0x00007f38d002a000 Uncommon trap: reason=class_check action=maybe_recompile pc=0x00007f3969f6451c method=jadx.core.utils.BlockUtils.getLastInsn(Ljadx/core/dex/nodes/IBlock;)Ljadx/core/dex/nodes/InsnNode; @ 1
Event: 28,987 Thread 0x00007f38d002a000 Uncommon trap: reason=unstable_if action=reinterpret pc=0x00007f3969fdf228 method=jadx.core.dex.visitors.CodeShrinker.shrinkBlock(Ljadx/core/dex/nodes/MethodNode;Ljadx/core/dex/nodes/BlockNode;)V @ 292
Event: 29,840 Thread 0x00007f38d002a000 Uncommon trap: reason=unstable_if action=reinterpret pc=0x00007f3969e06e70 method=jadx.core.dex.visitors.DepthTraversal.visit(Ljadx/core/dex/visitors/IDexTreeVisitor;Ljadx/core/dex/nodes/MethodNode;)V @ 7
Event: 30,344 Thread 0x00007f38d002a000 Uncommon trap: reason=null_check action=make_not_entrant pc=0x00007f396a00e644 method=jadx.core.dex.nodes.ClassNode.getConstField(Ljava/lang/Object;Z)Ljadx/core/dex/nodes/FieldNode; @ 101
Event: 30,400 Thread 0x00007f38d002a000 Uncommon trap: reason=unstable_if action=reinterpret pc=0x00007f3969f9f594 method=jadx.core.dex.visitors.blocksmaker.BlockExceptionHandler.processExceptionHandlers(Ljadx/core/dex/nodes/MethodNode;Ljadx/core/dex/nodes/BlockNode;)V @ 251
Event: 30,499 Thread 0x00007f38d002c000 Uncommon trap: reason=unstable_if action=reinterpret pc=0x00007f3969b6ec04 method=jadx.core.dex.visitors.typeinference.SelectTypeVisitor.visit(Ljadx/core/dex/nodes/DexNode;Ljadx/core/dex/nodes/InsnNode;)V @ 16
Event: 30,769 Thread 0x00007f38d002a000 Uncommon trap: reason=bimorphic action=maybe_recompile pc=0x00007f3969dd24f4 method=jadx.core.dex.instructions.args.ArgType.mergeInternal(Ljadx/core/dex/nodes/DexNode;Ljadx/core/dex/instructions/args/ArgType;Ljadx/core/dex/instructions/args/ArgType;)Ljadx
Event: 30,769 Thread 0x00007f38d002a000 Uncommon trap: reason=bimorphic action=maybe_recompile pc=0x00007f3969dd24f4 method=jadx.core.dex.instructions.args.ArgType.mergeInternal(Ljadx/core/dex/nodes/DexNode;Ljadx/core/dex/instructions/args/ArgType;Ljadx/core/dex/instructions/args/ArgType;)Ljadx
Event: 30,769 Thread 0x00007f38d002a000 Uncommon trap: reason=bimorphic action=maybe_recompile pc=0x00007f3969dd24f4 method=jadx.core.dex.instructions.args.ArgType.mergeInternal(Ljadx/core/dex/nodes/DexNode;Ljadx/core/dex/instructions/args/ArgType;Ljadx/core/dex/instructions/args/ArgType;)Ljadx
Event: 30,769 Thread 0x00007f38d002a000 Uncommon trap: reason=bimorphic action=maybe_recompile pc=0x00007f3969dd24f4 method=jadx.core.dex.instructions.args.ArgType.mergeInternal(Ljadx/core/dex/nodes/DexNode;Ljadx/core/dex/instructions/args/ArgType;Ljadx/core/dex/instructions/args/ArgType;)Ljadx

Internal exceptions (10 events):
Event: 23,618 Thread 0x00007f38d002d800 Implicit null exception at 0x00007f39699d2f99 to 0x00007f39699d4279
Event: 23,762 Thread 0x00007f39785ad800 Exception <a 'java/lang/UnsupportedOperationException': > (0x00000000d6ce2ff8) thrown at [/HUDSON/workspace/8-2-build-linux-amd64/jdk8u77/6540/hotspot/src/share/vm/prims/jni.cpp, line 735]
Event: 23,980 Thread 0x00007f38d0031000 Implicit null exception at 0x00007f39699e4851 to 0x00007f39699e489d
Event: 24,087 Thread 0x00007f38d002d800 Implicit null exception at 0x00007f3969b05ba6 to 0x00007f3969b06025
Event: 25,070 Thread 0x00007f38d002c000 Implicit null exception at 0x00007f3969b7aad8 to 0x00007f3969b7ae9d
Event: 25,070 Thread 0x00007f38d002c000 Implicit null exception at 0x00007f3969b870d0 to 0x00007f3969b870f9
Event: 26,696 Thread 0x00007f38d002f800 Implicit null exception at 0x00007f3969ed0ec0 to 0x00007f3969ed4a29
Event: 27,232 Thread 0x00007f38d002c000 Implicit null exception at 0x00007f3969dce1e1 to 0x00007f3969dce5c1
Event: 28,302 Thread 0x00007f38d0028000 Implicit null exception at 0x00007f3969f818b4 to 0x00007f3969f87399
Event: 30,344 Thread 0x00007f38d002a000 Implicit null exception at 0x00007f396a00a614 to 0x00007f396a00e611

Events (10 events):
Event: 33,768 Thread 0x00007f38d002c000 DEOPT UNPACKING pc=0x00007f3969047633 sp=0x00007f390013bea8 mode 0
Event: 33,910 Thread 0x00007f38d0028000 DEOPT PACKING pc=0x00007f39699ac95b sp=0x00007f3900b06070
Event: 33,910 Thread 0x00007f38d0028000 DEOPT UNPACKING pc=0x00007f3969047633 sp=0x00007f3900b05e20 mode 0
Event: 33,910 Thread 0x00007f38d0028000 DEOPT PACKING pc=0x00007f39699ac980 sp=0x00007f3900b06070
Event: 33,910 Thread 0x00007f38d0028000 DEOPT UNPACKING pc=0x00007f3969047633 sp=0x00007f3900b05e78 mode 0
Event: 33,913 Thread 0x00007f38d0028000 DEOPT PACKING pc=0x00007f39699ac980 sp=0x00007f3900b06070
Event: 33,913 Thread 0x00007f38d0028000 DEOPT UNPACKING pc=0x00007f3969047633 sp=0x00007f3900b05e78 mode 0
Event: 33,915 Thread 0x00007f38d0028000 DEOPT PACKING pc=0x00007f39699ac980 sp=0x00007f3900b06070
Event: 33,915 Thread 0x00007f38d0028000 DEOPT UNPACKING pc=0x00007f3969047633 sp=0x00007f3900b05e78 mode 0
Event: 33,961 Executing VM operation: ParallelGCFailedAllocation


Dynamic libraries:
00400000-00401000 r-xp 00000000 08:02 9308087                            /usr/lib/jvm/java-8-oracle/jre/bin/java
00600000-00601000 rw-p 00000000 08:02 9308087                            /usr/lib/jvm/java-8-oracle/jre/bin/java
0110e000-0112f000 rw-p 00000000 00:00 0                                  [heap]
84000000-ca780000 rw-p 00000000 00:00 0 
d6b00000-100000000 rw-p 00000000 00:00 0 
100000000-100360000 rw-p 00000000 00:00 0 
100360000-140000000 ---p 00000000 00:00 0 
7f38bc000000-7f38bc021000 rw-p 00000000 00:00 0 
7f38bc021000-7f38c0000000 ---p 00000000 00:00 0 
7f38c4000000-7f38c4021000 rw-p 00000000 00:00 0 
7f38c4021000-7f38c8000000 ---p 00000000 00:00 0 
7f38c8857000-7f38c8957000 rw-p 00000000 00:00 0 
7f38c8957000-7f38c8a57000 ---p 00000000 00:00 0 
7f38c8a57000-7f38c8a5a000 ---p 00000000 00:00 0 
7f38c8a5a000-7f38c8b58000 rw-p 00000000 00:00 0                          [stack:11917]
7f38c8b58000-7f38c8b5b000 ---p 00000000 00:00 0 
7f38c8b5b000-7f38c8c59000 rw-p 00000000 00:00 0                          [stack:11916]
7f38c8c59000-7f38c8c5c000 ---p 00000000 00:00 0 
7f38c8c5c000-7f38c8f5a000 rw-p 00000000 00:00 0                          [stack:11915]
7f38c8f5a000-7f38c915a000 rw-p 00000000 00:00 0 
7f38c915a000-7f38c915f000 r-xp 00000000 08:02 1053227                    /lib/x86_64-linux-gnu/libnss_dns-2.23.so
7f38c915f000-7f38c935f000 ---p 00005000 08:02 1053227                    /lib/x86_64-linux-gnu/libnss_dns-2.23.so
7f38c935f000-7f38c9360000 r--p 00005000 08:02 1053227                    /lib/x86_64-linux-gnu/libnss_dns-2.23.so
7f38c9360000-7f38c9361000 rw-p 00006000 08:02 1053227                    /lib/x86_64-linux-gnu/libnss_dns-2.23.so
7f38c9361000-7f38c9363000 r-xp 00000000 08:02 1053235                    /lib/x86_64-linux-gnu/libnss_mdns4_minimal.so.2
7f38c9363000-7f38c9562000 ---p 00002000 08:02 1053235                    /lib/x86_64-linux-gnu/libnss_mdns4_minimal.so.2
7f38c9562000-7f38c9563000 r--p 00001000 08:02 1053235                    /lib/x86_64-linux-gnu/libnss_mdns4_minimal.so.2
7f38c9563000-7f38c9564000 rw-p 00002000 08:02 1053235                    /lib/x86_64-linux-gnu/libnss_mdns4_minimal.so.2
7f38c9564000-7f38cae1a000 r-xp 00000000 08:02 9183955                    /usr/lib/x86_64-linux-gnu/libicudata.so.55.1
7f38cae1a000-7f38cb019000 ---p 018b6000 08:02 9183955                    /usr/lib/x86_64-linux-gnu/libicudata.so.55.1
7f38cb019000-7f38cb01a000 r--p 018b5000 08:02 9183955                    /usr/lib/x86_64-linux-gnu/libicudata.so.55.1
7f38cb01a000-7f38cb01b000 rw-p 018b6000 08:02 9183955                    /usr/lib/x86_64-linux-gnu/libicudata.so.55.1
7f38cb01b000-7f38cb03c000 r-xp 00000000 08:02 1053197                    /lib/x86_64-linux-gnu/liblzma.so.5.0.0
7f38cb03c000-7f38cb23b000 ---p 00021000 08:02 1053197                    /lib/x86_64-linux-gnu/liblzma.so.5.0.0
7f38cb23b000-7f38cb23c000 r--p 00020000 08:02 1053197                    /lib/x86_64-linux-gnu/liblzma.so.5.0.0
7f38cb23c000-7f38cb23d000 rw-p 00021000 08:02 1053197                    /lib/x86_64-linux-gnu/liblzma.so.5.0.0
7f38cb23d000-7f38cb3bc000 r-xp 00000000 08:02 9183969                    /usr/lib/x86_64-linux-gnu/libicuuc.so.55.1
7f38cb3bc000-7f38cb5bc000 ---p 0017f000 08:02 9183969                    /usr/lib/x86_64-linux-gnu/libicuuc.so.55.1
7f38cb5bc000-7f38cb5cc000 r--p 0017f000 08:02 9183969                    /usr/lib/x86_64-linux-gnu/libicuuc.so.55.1
7f38cb5cc000-7f38cb5cd000 rw-p 0018f000 08:02 9183969                    /usr/lib/x86_64-linux-gnu/libicuuc.so.55.1
7f38cb5cd000-7f38cb5d1000 rw-p 00000000 00:00 0 
7f38cb5d1000-7f38cb781000 r-xp 00000000 08:02 9184662                    /usr/lib/x86_64-linux-gnu/libxml2.so.2.9.3
7f38cb781000-7f38cb980000 ---p 001b0000 08:02 9184662                    /usr/lib/x86_64-linux-gnu/libxml2.so.2.9.3
7f38cb980000-7f38cb988000 r--p 001af000 08:02 9184662                    /usr/lib/x86_64-linux-gnu/libxml2.so.2.9.3
7f38cb988000-7f38cb98a000 rw-p 001b7000 08:02 9184662                    /usr/lib/x86_64-linux-gnu/libxml2.so.2.9.3
7f38cb98a000-7f38cb98b000 rw-p 00000000 00:00 0 
7f38cb98b000-7f38cb9c2000 r-xp 00000000 08:02 9183517                    /usr/lib/x86_64-linux-gnu/libcroco-0.6.so.3.0.1
7f38cb9c2000-7f38cbbc2000 ---p 00037000 08:02 9183517                    /usr/lib/x86_64-linux-gnu/libcroco-0.6.so.3.0.1
7f38cbbc2000-7f38cbbc5000 r--p 00037000 08:02 9183517                    /usr/lib/x86_64-linux-gnu/libcroco-0.6.so.3.0.1
7f38cbbc5000-7f38cbbc6000 rw-p 0003a000 08:02 9183517                    /usr/lib/x86_64-linux-gnu/libcroco-0.6.so.3.0.1
7f38cbbc6000-7f38cbbfb000 r-xp 00000000 08:02 9184324                    /usr/lib/x86_64-linux-gnu/librsvg-2.so.2.40.13
7f38cbbfb000-7f38cbdfb000 ---p 00035000 08:02 9184324                    /usr/lib/x86_64-linux-gnu/librsvg-2.so.2.40.13
7f38cbdfb000-7f38cbdfc000 r--p 00035000 08:02 9184324                    /usr/lib/x86_64-linux-gnu/librsvg-2.so.2.40.13
7f38cbdfc000-7f38cbdfd000 rw-p 00036000 08:02 9184324                    /usr/lib/x86_64-linux-gnu/librsvg-2.so.2.40.13
7f38cbdfd000-7f38cbdff000 r-xp 00000000 08:02 134263                     /usr/lib/x86_64-linux-gnu/gdk-pixbuf-2.0/2.10.0/loaders/libpixbufloader-svg.so
7f38cbdff000-7f38cbffe000 ---p 00002000 08:02 134263                     /usr/lib/x86_64-linux-gnu/gdk-pixbuf-2.0/2.10.0/loaders/libpixbufloader-svg.so
7f38cbffe000-7f38cbfff000 r--p 00001000 08:02 134263                     /usr/lib/x86_64-linux-gnu/gdk-pixbuf-2.0/2.10.0/loaders/libpixbufloader-svg.so
7f38cbfff000-7f38cc000000 rw-p 00002000 08:02 134263                     /usr/lib/x86_64-linux-gnu/gdk-pixbuf-2.0/2.10.0/loaders/libpixbufloader-svg.so
7f38cc000000-7f38cc021000 rw-p 00000000 00:00 0 
7f38cc021000-7f38d0000000 ---p 00000000 00:00 0 
7f38d0000000-7f38d0054000 rw-p 00000000 00:00 0 
7f38d0054000-7f38d4000000 ---p 00000000 00:00 0 
7f38d4000000-7f38d4021000 rw-p 00000000 00:00 0 
7f38d4021000-7f38d8000000 ---p 00000000 00:00 0 
7f38d8000000-7f38d8039000 rw-p 00000000 00:00 0 
7f38d8039000-7f38dc000000 ---p 00000000 00:00 0 
7f38dc000000-7f38dc063000 rw-p 00000000 00:00 0 
7f38dc063000-7f38e0000000 ---p 00000000 00:00 0 
7f38e0000000-7f38e011e000 rw-p 00000000 00:00 0 
7f38e011e000-7f38e4000000 ---p 00000000 00:00 0 
7f38e4000000-7f38e4021000 rw-p 00000000 00:00 0 
7f38e4021000-7f38e8000000 ---p 00000000 00:00 0 
7f38e8000000-7f38e83c8000 rw-p 00000000 00:00 0 
7f38e83c8000-7f38ec000000 ---p 00000000 00:00 0 
7f38ec000000-7f38ec022000 rw-p 00000000 00:00 0 
7f38ec022000-7f38f0000000 ---p 00000000 00:00 0 
7f38f0000000-7f38f0033000 rw-p 00000000 00:00 0 
7f38f0033000-7f38f4000000 ---p 00000000 00:00 0 
7f38f4000000-7f38f4022000 rw-p 00000000 00:00 0 
7f38f4022000-7f38f8000000 ---p 00000000 00:00 0 
7f38f8000000-7f38f8022000 rw-p 00000000 00:00 0 
7f38f8022000-7f38fc000000 ---p 00000000 00:00 0 
7f38fc000000-7f38fc021000 rw-p 00000000 00:00 0 
7f38fc021000-7f3900000000 ---p 00000000 00:00 0 
7f390003d000-7f3900040000 ---p 00000000 00:00 0 
7f3900040000-7f390013e000 rw-p 00000000 00:00 0                          [stack:11914]
7f390013e000-7f39001be000 rw-s 00000000 00:05 17760276                   /SYSV00000000 (deleted)
7f39001be000-7f39001c1000 ---p 00000000 00:00 0 
7f39001c1000-7f39002bf000 rw-p 00000000 00:00 0                          [stack:11896]
7f39002bf000-7f39002c2000 ---p 00000000 00:00 0 
7f39002c2000-7f39005c0000 rw-p 00000000 00:00 0                          [stack:11909]
7f39005c0000-7f39007c0000 rw-p 00000000 00:00 0 
7f39007c0000-7f39007f2000 r-xp 00000000 08:02 9308354                    /usr/lib/jvm/java-8-oracle/jre/lib/amd64/libsunec.so
7f39007f2000-7f39009f1000 ---p 00032000 08:02 9308354                    /usr/lib/jvm/java-8-oracle/jre/lib/amd64/libsunec.so
7f39009f1000-7f39009f7000 rw-p 00031000 08:02 9308354                    /usr/lib/jvm/java-8-oracle/jre/lib/amd64/libsunec.so
7f39009f7000-7f3900a07000 rw-p 00000000 00:00 0 
7f3900a07000-7f3900a0a000 ---p 00000000 00:00 0 
7f3900a0a000-7f3900d08000 rw-p 00000000 00:00 0                          [stack:11910]
7f3900d08000-7f3900d71000 r-xp 00000000 08:02 9308364                    /usr/lib/jvm/java-8-oracle/jre/lib/amd64/libt2k.so
7f3900d71000-7f3900f71000 ---p 00069000 08:02 9308364                    /usr/lib/jvm/java-8-oracle/jre/lib/amd64/libt2k.so
7f3900f71000-7f3900f78000 rw-p 00069000 08:02 9308364                    /usr/lib/jvm/java-8-oracle/jre/lib/amd64/libt2k.so
7f3900f78000-7f3901188000 rw-p 00000000 00:00 0 
7f3901188000-7f390118b000 ---p 00000000 00:00 0 
7f390118b000-7f3901289000 rw-p 00000000 00:00 0                          [stack:11911]
7f3901289000-7f390128c000 ---p 00000000 00:00 0 
7f390128c000-7f390138a000 rw-p 00000000 00:00 0                          [stack:11887]
7f390138a000-7f390138b000 ---p 00000000 00:00 0 
7f390138b000-7f3901b8b000 rw-p 00000000 00:00 0 
7f3901b8b000-7f3901b8c000 ---p 00000000 00:00 0 
7f3901b8c000-7f390238c000 rw-p 00000000 00:00 0 
7f390238c000-7f39023f2000 r-xp 00000000 08:02 9183947                    /usr/lib/x86_64-linux-gnu/libibus-1.0.so.5.0.511
7f39023f2000-7f39025f1000 ---p 00066000 08:02 9183947                    /usr/lib/x86_64-linux-gnu/libibus-1.0.so.5.0.511
7f39025f1000-7f39025f3000 r--p 00065000 08:02 9183947                    /usr/lib/x86_64-linux-gnu/libibus-1.0.so.5.0.511
7f39025f3000-7f39025f4000 rw-p 00067000 08:02 9183947                    /usr/lib/x86_64-linux-gnu/libibus-1.0.so.5.0.511
7f39025f4000-7f39025f5000 rw-p 00000000 00:00 0 
7f39025f5000-7f39025fb000 r-xp 00000000 08:02 134529                     /usr/lib/x86_64-linux-gnu/gtk-2.0/2.10.0/immodules/im-ibus.so
7f39025fb000-7f39027fb000 ---p 00006000 08:02 134529                     /usr/lib/x86_64-linux-gnu/gtk-2.0/2.10.0/immodules/im-ibus.so
7f39027fb000-7f39027fc000 r--p 00006000 08:02 134529                     /usr/lib/x86_64-linux-gnu/gtk-2.0/2.10.0/immodules/im-ibus.so
7f39027fc000-7f39027fd000 rw-p 00007000 08:02 134529                     /usr/lib/x86_64-linux-gnu/gtk-2.0/2.10.0/immodules/im-ibus.so
7f39027fd000-7f39027fe000 ---p 00000000 00:00 0 
7f39027fe000-7f3902ffe000 rw-p 00000000 00:00 0                          [stack:11882]
7f3902ffe000-7f3902fff000 ---p 00000000 00:00 0 
7f3902fff000-7f39037ff000 rw-p 00000000 00:00 0                          [stack:11881]
7f39037ff000-7f3903800000 ---p 00000000 00:00 0 
7f3903800000-7f3904000000 rw-p 00000000 00:00 0                          [stack:11880]
7f3904000000-7f3904021000 rw-p 00000000 00:00 0 
7f3904021000-7f3908000000 ---p 00000000 00:00 0 
7f3908000000-7f3908294000 rw-p 00000000 00:00 0 
7f3908294000-7f390c000000 ---p 00000000 00:00 0 
7f390c000000-7f390c021000 rw-p 00000000 00:00 0 
7f390c021000-7f3910000000 ---p 00000000 00:00 0 
7f3910000000-7f3910021000 rw-p 00000000 00:00 0 
7f3910021000-7f3914000000 ---p 00000000 00:00 0 
7f3914000000-7f391486a000 rw-p 00000000 00:00 0 
7f391486a000-7f3918000000 ---p 00000000 00:00 0 
7f3918000000-7f3918021000 rw-p 00000000 00:00 0 
7f3918021000-7f391c000000 ---p 00000000 00:00 0 
7f391c000000-7f391d813000 rw-p 00000000 00:00 0 
7f391d813000-7f3920000000 ---p 00000000 00:00 0 
7f3920000000-7f3921477000 rw-p 00000000 00:00 0 
7f3921477000-7f3924000000 ---p 00000000 00:00 0 
7f3924000000-7f3924021000 rw-p 00000000 00:00 0 
7f3924021000-7f3928000000 ---p 00000000 00:00 0 
7f3928000000-7f39296e9000 rw-p 00000000 00:00 0 
7f39296e9000-7f392c000000 ---p 00000000 00:00 0 
7f392c000000-7f392c021000 rw-p 00000000 00:00 0 
7f392c021000-7f3930000000 ---p 00000000 00:00 0 
7f3930000000-7f3930021000 rw-p 00000000 00:00 0 
7f3930021000-7f3934000000 ---p 00000000 00:00 0 
7f3934000000-7f3934021000 rw-p 00000000 00:00 0 
7f3934021000-7f3938000000 ---p 00000000 00:00 0 
7f3938000000-7f3938295000 rw-p 00000000 00:00 0 
7f3938295000-7f393c000000 ---p 00000000 00:00 0 
7f393c000000-7f393c021000 rw-p 00000000 00:00 0 
7f393c021000-7f3940000000 ---p 00000000 00:00 0 
7f3940018000-7f3940078000 rw-s 00000000 00:05 17563666                   /SYSV00000000 (deleted)
7f3940078000-7f394007b000 ---p 00000000 00:00 0 
7f394007b000-7f3940179000 rw-p 00000000 00:00 0                          [stack:11886]
7f3940179000-7f394018a000 r-xp 00000000 08:02 9308402                    /usr/lib/jvm/java-8-oracle/jre/lib/amd64/libnio.so
7f394018a000-7f3940389000 ---p 00011000 08:02 9308402                    /usr/lib/jvm/java-8-oracle/jre/lib/amd64/libnio.so
7f3940389000-7f394038a000 rw-p 00010000 08:02 9308402                    /usr/lib/jvm/java-8-oracle/jre/lib/amd64/libnio.so
7f394038a000-7f39403ba000 r-xp 00000000 08:02 134333                     /usr/lib/x86_64-linux-gnu/gio/modules/libgvfsdbus.so
7f39403ba000-7f39405b9000 ---p 00030000 08:02 134333                     /usr/lib/x86_64-linux-gnu/gio/modules/libgvfsdbus.so
7f39405b9000-7f39405ba000 r--p 0002f000 08:02 134333                     /usr/lib/x86_64-linux-gnu/gio/modules/libgvfsdbus.so
7f39405ba000-7f39405bb000 rw-p 00030000 08:02 134333                     /usr/lib/x86_64-linux-gnu/gio/modules/libgvfsdbus.so
7f39405bb000-7f39405bc000 rw-p 00000000 00:00 0 
7f39405bc000-7f39405c7000 r-xp 00000000 08:02 134328                     /usr/lib/x86_64-linux-gnu/gio/modules/libdconfsettings.so
7f39405c7000-7f39407c7000 ---p 0000b000 08:02 134328                     /usr/lib/x86_64-linux-gnu/gio/modules/libdconfsettings.so
7f39407c7000-7f39407c8000 r--p 0000b000 08:02 134328                     /usr/lib/x86_64-linux-gnu/gio/modules/libdconfsettings.so
7f39407c8000-7f39407c9000 rw-p 0000c000 08:02 134328                     /usr/lib/x86_64-linux-gnu/gio/modules/libdconfsettings.so
7f39407c9000-7f39407ff000 r-xp 00000000 08:02 134828                     /usr/lib/x86_64-linux-gnu/gvfs/libgvfscommon.so
7f39407ff000-7f39409ff000 ---p 00036000 08:02 134828                     /usr/lib/x86_64-linux-gnu/gvfs/libgvfscommon.so
7f39409ff000-7f3940a04000 r--p 00036000 08:02 134828                     /usr/lib/x86_64-linux-gnu/gvfs/libgvfscommon.so
7f3940a04000-7f3940a05000 rw-p 0003b000 08:02 134828                     /usr/lib/x86_64-linux-gnu/gvfs/libgvfscommon.so
7f3940a05000-7f3940b77000 r-xp 00000000 08:02 9177298                    /usr/lib/x86_64-linux-gnu/libstdc++.so.6.0.21
7f3940b77000-7f3940d77000 ---p 00172000 08:02 9177298                    /usr/lib/x86_64-linux-gnu/libstdc++.so.6.0.21
7f3940d77000-7f3940d81000 r--p 00172000 08:02 9177298                    /usr/lib/x86_64-linux-gnu/libstdc++.so.6.0.21
7f3940d81000-7f3940d83000 rw-p 0017c000 08:02 9177298                    /usr/lib/x86_64-linux-gnu/libstdc++.so.6.0.21
7f3940d83000-7f3940d87000 rw-p 00000000 00:00 0 
7f3940dba000-7f3940dbe000 r--s 0003a000 08:02 9308254                    /usr/lib/jvm/java-8-oracle/jre/lib/ext/sunpkcs11.jar
7f3940dbe000-7f3940dc1000 r--s 0001a000 08:02 9308415                    /usr/lib/jvm/java-8-oracle/jre/lib/jce.jar
7f3940dc1000-7f3940dd3000 r--s 00345000 08:02 9308231                    /usr/lib/jvm/java-8-oracle/jre/lib/resources.jar
7f3940dd3000-7f3940e27000 r--p 00000000 08:02 919141                     /usr/share/fonts/truetype/dejavu/DejaVuSansMono.ttf
7f3940e27000-7f3940e7e000 r--p 00000000 08:02 919273                     /usr/share/fonts/truetype/ubuntu-font-family/Ubuntu-R.ttf
7f3940e8d000-7f3940e90000 ---p 00000000 00:00 0 
7f3940e90000-7f3940f8e000 rw-p 00000000 00:00 0                          [stack:11912]
7f3940f8e000-7f3940fa7000 r-xp 00000000 08:02 134332                     /usr/lib/x86_64-linux-gnu/gio/modules/libgioremote-volume-monitor.so
7f3940fa7000-7f39411a7000 ---p 00019000 08:02 134332                     /usr/lib/x86_64-linux-gnu/gio/modules/libgioremote-volume-monitor.so
7f39411a7000-7f39411aa000 r--p 00019000 08:02 134332                     /usr/lib/x86_64-linux-gnu/gio/modules/libgioremote-volume-monitor.so
7f39411aa000-7f39411ab000 rw-p 0001c000 08:02 134332                     /usr/lib/x86_64-linux-gnu/gio/modules/libgioremote-volume-monitor.so
7f39411ab000-7f39411b2000 r-xp 00000000 08:02 9184178                    /usr/lib/x86_64-linux-gnu/libogg.so.0.8.2
7f39411b2000-7f39413b2000 ---p 00007000 08:02 9184178                    /usr/lib/x86_64-linux-gnu/libogg.so.0.8.2
7f39413b2000-7f39413b3000 r--p 00007000 08:02 9184178                    /usr/lib/x86_64-linux-gnu/libogg.so.0.8.2
7f39413b3000-7f39413b4000 rw-p 00008000 08:02 9184178                    /usr/lib/x86_64-linux-gnu/libogg.so.0.8.2
7f39413b4000-7f39413de000 r-xp 00000000 08:02 9184529                    /usr/lib/x86_64-linux-gnu/libvorbis.so.0.4.8
7f39413de000-7f39415de000 ---p 0002a000 08:02 9184529                    /usr/lib/x86_64-linux-gnu/libvorbis.so.0.4.8
7f39415de000-7f39415df000 r--p 0002a000 08:02 9184529                    /usr/lib/x86_64-linux-gnu/libvorbis.so.0.4.8
7f39415df000-7f39415e0000 rw-p 0002b000 08:02 9184529                    /usr/lib/x86_64-linux-gnu/libvorbis.so.0.4.8
7f39415e0000-7f39415e9000 r-xp 00000000 08:02 9184047                    /usr/lib/x86_64-linux-gnu/libltdl.so.7.3.1
7f39415e9000-7f39417e8000 ---p 00009000 08:02 9184047                    /usr/lib/x86_64-linux-gnu/libltdl.so.7.3.1
7f39417e8000-7f39417e9000 r--p 00008000 08:02 9184047                    /usr/lib/x86_64-linux-gnu/libltdl.so.7.3.1
7f39417e9000-7f39417ea000 rw-p 00009000 08:02 9184047                    /usr/lib/x86_64-linux-gnu/libltdl.so.7.3.1
7f39417ea000-7f39417fe000 r-xp 00000000 08:02 9184422                    /usr/lib/x86_64-linux-gnu/libtdb.so.1.3.8
7f39417fe000-7f39419fd000 ---p 00014000 08:02 9184422                    /usr/lib/x86_64-linux-gnu/libtdb.so.1.3.8
7f39419fd000-7f39419fe000 r--p 00013000 08:02 9184422                    /usr/lib/x86_64-linux-gnu/libtdb.so.1.3.8
7f39419fe000-7f39419ff000 rw-p 00014000 08:02 9184422                    /usr/lib/x86_64-linux-gnu/libtdb.so.1.3.8
7f39419ff000-7f3941a06000 r-xp 00000000 08:02 9184533                    /usr/lib/x86_64-linux-gnu/libvorbisfile.so.3.3.7
7f3941a06000-7f3941c06000 ---p 00007000 08:02 9184533                    /usr/lib/x86_64-linux-gnu/libvorbisfile.so.3.3.7
7f3941c06000-7f3941c07000 r--p 00007000 08:02 9184533                    /usr/lib/x86_64-linux-gnu/libvorbisfile.so.3.3.7
7f3941c07000-7f3941c08000 rw-p 00008000 08:02 9184533                    /usr/lib/x86_64-linux-gnu/libvorbisfile.so.3.3.7
7f3941c08000-7f3941c18000 r-xp 00000000 08:02 9183453                    /usr/lib/x86_64-linux-gnu/libcanberra.so.0.2.5
7f3941c18000-7f3941e17000 ---p 00010000 08:02 9183453                    /usr/lib/x86_64-linux-gnu/libcanberra.so.0.2.5
7f3941e17000-7f3941e18000 r--p 0000f000 08:02 9183453                    /usr/lib/x86_64-linux-gnu/libcanberra.so.0.2.5
7f3941e18000-7f3941e19000 rw-p 00010000 08:02 9183453                    /usr/lib/x86_64-linux-gnu/libcanberra.so.0.2.5
7f3941e19000-7f3941e1d000 r-xp 00000000 08:02 9183449                    /usr/lib/x86_64-linux-gnu/libcanberra-gtk.so.0.1.9
7f3941e1d000-7f394201c000 ---p 00004000 08:02 9183449                    /usr/lib/x86_64-linux-gnu/libcanberra-gtk.so.0.1.9
7f394201c000-7f394201d000 r--p 00003000 08:02 9183449                    /usr/lib/x86_64-linux-gnu/libcanberra-gtk.so.0.1.9
7f394201d000-7f394201e000 rw-p 00004000 08:02 9183449                    /usr/lib/x86_64-linux-gnu/libcanberra-gtk.so.0.1.9
7f394201e000-7f3942023000 r-xp 00000000 08:02 134543                     /usr/lib/x86_64-linux-gnu/gtk-2.0/modules/libcanberra-gtk-module.so
7f3942023000-7f3942222000 ---p 00005000 08:02 134543                     /usr/lib/x86_64-linux-gnu/gtk-2.0/modules/libcanberra-gtk-module.so
7f3942222000-7f3942223000 r--p 00004000 08:02 134543                     /usr/lib/x86_64-linux-gnu/gtk-2.0/modules/libcanberra-gtk-module.so
7f3942223000-7f3942224000 rw-p 00005000 08:02 134543                     /usr/lib/x86_64-linux-gnu/gtk-2.0/modules/libcanberra-gtk-module.so
7f3942224000-7f3942253000 r-xp 00000000 08:02 134525                     /usr/lib/x86_64-linux-gnu/gtk-2.0/2.10.0/engines/libmurrine.so
7f3942253000-7f3942453000 ---p 0002f000 08:02 134525                     /usr/lib/x86_64-linux-gnu/gtk-2.0/2.10.0/engines/libmurrine.so
7f3942453000-7f3942454000 r--p 0002f000 08:02 134525                     /usr/lib/x86_64-linux-gnu/gtk-2.0/2.10.0/engines/libmurrine.so
7f3942454000-7f3942455000 rw-p 00030000 08:02 134525                     /usr/lib/x86_64-linux-gnu/gtk-2.0/2.10.0/engines/libmurrine.so
7f3942455000-7f3942466000 r-xp 00000000 08:02 134546                     /usr/lib/x86_64-linux-gnu/gtk-2.0/modules/liboverlay-scrollbar.so
7f3942466000-7f3942666000 ---p 00011000 08:02 134546                     /usr/lib/x86_64-linux-gnu/gtk-2.0/modules/liboverlay-scrollbar.so
7f3942666000-7f3942667000 r--p 00011000 08:02 134546                     /usr/lib/x86_64-linux-gnu/gtk-2.0/modules/liboverlay-scrollbar.so
7f3942667000-7f3942668000 rw-p 00012000 08:02 134546                     /usr/lib/x86_64-linux-gnu/gtk-2.0/modules/liboverlay-scrollbar.so
7f3942668000-7f3942669000 r-xp 00000000 08:02 9183888                    /usr/lib/x86_64-linux-gnu/libgthread-2.0.so.0.4706.0
7f3942669000-7f3942868000 ---p 00001000 08:02 9183888                    /usr/lib/x86_64-linux-gnu/libgthread-2.0.so.0.4706.0
7f3942868000-7f3942869000 r--p 00000000 08:02 9183888                    /usr/lib/x86_64-linux-gnu/libgthread-2.0.so.0.4706.0
7f3942869000-7f394286a000 rw-p 00001000 08:02 9183888                    /usr/lib/x86_64-linux-gnu/libgthread-2.0.so.0.4706.0
7f394286a000-7f3942870000 r-xp 00000000 08:02 9183536                    /usr/lib/x86_64-linux-gnu/libdatrie.so.1.3.3
7f3942870000-7f3942a70000 ---p 00006000 08:02 9183536                    /usr/lib/x86_64-linux-gnu/libdatrie.so.1.3.3
7f3942a70000-7f3942a71000 r--p 00006000 08:02 9183536                    /usr/lib/x86_64-linux-gnu/libdatrie.so.1.3.3
7f3942a71000-7f3942a72000 rw-p 00007000 08:02 9183536                    /usr/lib/x86_64-linux-gnu/libdatrie.so.1.3.3
7f3942a72000-7f3942a95000 r-xp 00000000 08:02 9183835                    /usr/lib/x86_64-linux-gnu/libgraphite2.so.3.0.1
7f3942a95000-7f3942c94000 ---p 00023000 08:02 9183835                    /usr/lib/x86_64-linux-gnu/libgraphite2.so.3.0.1
7f3942c94000-7f3942c96000 r--p 00022000 08:02 9183835                    /usr/lib/x86_64-linux-gnu/libgraphite2.so.3.0.1
7f3942c96000-7f3942c97000 rw-p 00024000 08:02 9183835                    /usr/lib/x86_64-linux-gnu/libgraphite2.so.3.0.1
7f3942c97000-7f3942cbd000 r-xp 00000000 08:02 1053162                    /lib/x86_64-linux-gnu/libexpat.so.1.6.0
7f3942cbd000-7f3942ebd000 ---p 00026000 08:02 1053162                    /lib/x86_64-linux-gnu/libexpat.so.1.6.0
7f3942ebd000-7f3942ebf000 r--p 00026000 08:02 1053162                    /lib/x86_64-linux-gnu/libexpat.so.1.6.0
7f3942ebf000-7f3942ec0000 rw-p 00028000 08:02 1053162                    /lib/x86_64-linux-gnu/libexpat.so.1.6.0
7f3942ec0000-7f3942f2e000 r-xp 00000000 08:02 1049900                    /lib/x86_64-linux-gnu/libpcre.so.3.13.2
7f3942f2e000-7f394312e000 ---p 0006e000 08:02 1049900                    /lib/x86_64-linux-gnu/libpcre.so.3.13.2
7f394312e000-7f394312f000 r--p 0006e000 08:02 1049900                    /lib/x86_64-linux-gnu/libpcre.so.3.13.2
7f394312f000-7f3943130000 rw-p 0006f000 08:02 1049900                    /lib/x86_64-linux-gnu/libpcre.so.3.13.2
7f3943130000-7f3943137000 r-xp 00000000 08:02 9183662                    /usr/lib/x86_64-linux-gnu/libffi.so.6.0.4
7f3943137000-7f3943336000 ---p 00007000 08:02 9183662                    /usr/lib/x86_64-linux-gnu/libffi.so.6.0.4
7f3943336000-7f3943337000 r--p 00006000 08:02 9183662                    /usr/lib/x86_64-linux-gnu/libffi.so.6.0.4
7f3943337000-7f3943338000 rw-p 00007000 08:02 9183662                    /usr/lib/x86_64-linux-gnu/libffi.so.6.0.4
7f3943338000-7f3943340000 r-xp 00000000 08:02 9184430                    /usr/lib/x86_64-linux-gnu/libthai.so.0.2.4
7f3943340000-7f394353f000 ---p 00008000 08:02 9184430                    /usr/lib/x86_64-linux-gnu/libthai.so.0.2.4
7f394353f000-7f3943540000 r--p 00007000 08:02 9184430                    /usr/lib/x86_64-linux-gnu/libthai.so.0.2.4
7f3943540000-7f3943541000 rw-p 00008000 08:02 9184430                    /usr/lib/x86_64-linux-gnu/libthai.so.0.2.4
7f3943541000-7f394359d000 r-xp 00000000 08:02 9183921                    /usr/lib/x86_64-linux-gnu/libharfbuzz.so.0.10000.1
7f394359d000-7f394379d000 ---p 0005c000 08:02 9183921                    /usr/lib/x86_64-linux-gnu/libharfbuzz.so.0.10000.1
7f394379d000-7f394379e000 r--p 0005c000 08:02 9183921                    /usr/lib/x86_64-linux-gnu/libharfbuzz.so.0.10000.1
7f394379e000-7f394379f000 rw-p 0005d000 08:02 9183921                    /usr/lib/x86_64-linux-gnu/libharfbuzz.so.0.10000.1
7f394379f000-7f39437b6000 r-xp 00000000 08:02 1053282                    /lib/x86_64-linux-gnu/libresolv-2.23.so
7f39437b6000-7f39439b6000 ---p 00017000 08:02 1053282                    /lib/x86_64-linux-gnu/libresolv-2.23.so
7f39439b6000-7f39439b7000 r--p 00017000 08:02 1053282                    /lib/x86_64-linux-gnu/libresolv-2.23.so
7f39439b7000-7f39439b8000 rw-p 00018000 08:02 1053282                    /lib/x86_64-linux-gnu/libresolv-2.23.so
7f39439b8000-7f39439ba000 rw-p 00000000 00:00 0 
7f39439ba000-7f39439d9000 r-xp 00000000 08:02 1053288                    /lib/x86_64-linux-gnu/libselinux.so.1
7f39439d9000-7f3943bd8000 ---p 0001f000 08:02 1053288                    /lib/x86_64-linux-gnu/libselinux.so.1
7f3943bd8000-7f3943bd9000 r--p 0001e000 08:02 1053288                    /lib/x86_64-linux-gnu/libselinux.so.1
7f3943bd9000-7f3943bda000 rw-p 0001f000 08:02 1053288                    /lib/x86_64-linux-gnu/libselinux.so.1
7f3943bda000-7f3943bdc000 rw-p 00000000 00:00 0 
7f3943bdc000-7f3943bf5000 r-xp 00000000 08:02 1053321                    /lib/x86_64-linux-gnu/libz.so.1.2.8
7f3943bf5000-7f3943df4000 ---p 00019000 08:02 1053321                    /lib/x86_64-linux-gnu/libz.so.1.2.8
7f3943df4000-7f3943df5000 r--p 00018000 08:02 1053321                    /lib/x86_64-linux-gnu/libz.so.1.2.8
7f3943df5000-7f3943df6000 rw-p 00019000 08:02 1053321                    /lib/x86_64-linux-gnu/libz.so.1.2.8
7f3943df6000-7f3943dfe000 r-xp 00000000 08:02 9184638                    /usr/lib/x86_64-linux-gnu/libxcb-render.so.0.0.0
7f3943dfe000-7f3943ffe000 ---p 00008000 08:02 9184638                    /usr/lib/x86_64-linux-gnu/libxcb-render.so.0.0.0
7f3943ffe000-7f3943fff000 r--p 00008000 08:02 9184638                    /usr/lib/x86_64-linux-gnu/libxcb-render.so.0.0.0
7f3943fff000-7f3944000000 rw-p 00009000 08:02 9184638                    /usr/lib/x86_64-linux-gnu/libxcb-render.so.0.0.0
7f3944000000-7f3944021000 rw-p 00000000 00:00 0 
7f3944021000-7f3948000000 ---p 00000000 00:00 0 
7f3948050000-7f3948053000 ---p 00000000 00:00 0 
7f3948053000-7f3948151000 rw-p 00000000 00:00 0                          [stack:11913]
7f3948151000-7f3948153000 r-xp 00000000 08:02 9184642                    /usr/lib/x86_64-linux-gnu/libxcb-shm.so.0.0.0
7f3948153000-7f3948353000 ---p 00002000 08:02 9184642                    /usr/lib/x86_64-linux-gnu/libxcb-shm.so.0.0.0
7f3948353000-7f3948354000 r--p 00002000 08:02 9184642                    /usr/lib/x86_64-linux-gnu/libxcb-shm.so.0.0.0
7f3948354000-7f3948355000 rw-p 00003000 08:02 9184642                    /usr/lib/x86_64-linux-gnu/libxcb-shm.so.0.0.0
7f3948355000-7f3948379000 r-xp 00000000 08:02 1053271                    /lib/x86_64-linux-gnu/libpng12.so.0.54.0
7f3948379000-7f3948578000 ---p 00024000 08:02 1053271                    /lib/x86_64-linux-gnu/libpng12.so.0.54.0
7f3948578000-7f3948579000 r--p 00023000 08:02 1053271                    /lib/x86_64-linux-gnu/libpng12.so.0.54.0
7f3948579000-7f394857a000 rw-p 00024000 08:02 1053271                    /lib/x86_64-linux-gnu/libpng12.so.0.54.0
7f394857a000-7f3948619000 r-xp 00000000 08:02 9184233                    /usr/lib/x86_64-linux-gnu/libpixman-1.so.0.33.6
7f3948619000-7f3948819000 ---p 0009f000 08:02 9184233                    /usr/lib/x86_64-linux-gnu/libpixman-1.so.0.33.6
7f3948819000-7f3948821000 r--p 0009f000 08:02 9184233                    /usr/lib/x86_64-linux-gnu/libpixman-1.so.0.33.6
7f3948821000-7f3948822000 rw-p 000a7000 08:02 9184233                    /usr/lib/x86_64-linux-gnu/libpixman-1.so.0.33.6
7f3948822000-7f39488c6000 r-xp 00000000 08:02 9183710                    /usr/lib/x86_64-linux-gnu/libfreetype.so.6.12.1
7f39488c6000-7f3948ac5000 ---p 000a4000 08:02 9183710                    /usr/lib/x86_64-linux-gnu/libfreetype.so.6.12.1
7f3948ac5000-7f3948acb000 r--p 000a3000 08:02 9183710                    /usr/lib/x86_64-linux-gnu/libfreetype.so.6.12.1
7f3948acb000-7f3948acc000 rw-p 000a9000 08:02 9183710                    /usr/lib/x86_64-linux-gnu/libfreetype.so.6.12.1
7f3948acc000-7f3948ace000 r-xp 00000000 08:02 9183294                    /usr/lib/x86_64-linux-gnu/libXdamage.so.1.1.0
7f3948ace000-7f3948ccd000 ---p 00002000 08:02 9183294                    /usr/lib/x86_64-linux-gnu/libXdamage.so.1.1.0
7f3948ccd000-7f3948cce000 r--p 00001000 08:02 9183294                    /usr/lib/x86_64-linux-gnu/libXdamage.so.1.1.0
7f3948cce000-7f3948ccf000 rw-p 00002000 08:02 9183294                    /usr/lib/x86_64-linux-gnu/libXdamage.so.1.1.0
7f3948ccf000-7f3948cd1000 r-xp 00000000 08:02 9183290                    /usr/lib/x86_64-linux-gnu/libXcomposite.so.1.0.0
7f3948cd1000-7f3948ed0000 ---p 00002000 08:02 9183290                    /usr/lib/x86_64-linux-gnu/libXcomposite.so.1.0.0
7f3948ed0000-7f3948ed1000 r--p 00001000 08:02 9183290                    /usr/lib/x86_64-linux-gnu/libXcomposite.so.1.0.0
7f3948ed1000-7f3948ed2000 rw-p 00002000 08:02 9183290                    /usr/lib/x86_64-linux-gnu/libXcomposite.so.1.0.0
7f3948ed2000-7f3948edc000 r-xp 00000000 08:02 9183316                    /usr/lib/x86_64-linux-gnu/libXrandr.so.2.2.0
7f3948edc000-7f39490db000 ---p 0000a000 08:02 9183316                    /usr/lib/x86_64-linux-gnu/libXrandr.so.2.2.0
7f39490db000-7f39490dc000 r--p 00009000 08:02 9183316                    /usr/lib/x86_64-linux-gnu/libXrandr.so.2.2.0
7f39490dc000-7f39490dd000 rw-p 0000a000 08:02 9183316                    /usr/lib/x86_64-linux-gnu/libXrandr.so.2.2.0
7f39490dd000-7f39490df000 r-xp 00000000 08:02 9183308                    /usr/lib/x86_64-linux-gnu/libXinerama.so.1.0.0
7f39490df000-7f39492de000 ---p 00002000 08:02 9183308                    /usr/lib/x86_64-linux-gnu/libXinerama.so.1.0.0
7f39492de000-7f39492df000 r--p 00001000 08:02 9183308                    /usr/lib/x86_64-linux-gnu/libXinerama.so.1.0.0
7f39492df000-7f39492e0000 rw-p 00002000 08:02 9183308                    /usr/lib/x86_64-linux-gnu/libXinerama.so.1.0.0
7f39492e0000-7f394931d000 r-xp 00000000 08:02 9183676                    /usr/lib/x86_64-linux-gnu/libfontconfig.so.1.8.0
7f394931d000-7f394951c000 ---p 0003d000 08:02 9183676                    /usr/lib/x86_64-linux-gnu/libfontconfig.so.1.8.0
7f394951c000-7f394951e000 r--p 0003c000 08:02 9183676                    /usr/lib/x86_64-linux-gnu/libfontconfig.so.1.8.0
7f394951e000-7f394951f000 rw-p 0003e000 08:02 9183676                    /usr/lib/x86_64-linux-gnu/libfontconfig.so.1.8.0
7f394951f000-7f394962d000 r-xp 00000000 08:02 1053173                    /lib/x86_64-linux-gnu/libglib-2.0.so.0.4706.0
7f394962d000-7f394982d000 ---p 0010e000 08:02 1053173                    /lib/x86_64-linux-gnu/libglib-2.0.so.0.4706.0
7f394982d000-7f394982e000 r--p 0010e000 08:02 1053173                    /lib/x86_64-linux-gnu/libglib-2.0.so.0.4706.0
7f394982e000-7f394982f000 rw-p 0010f000 08:02 1053173                    /lib/x86_64-linux-gnu/libglib-2.0.so.0.4706.0
7f394982f000-7f3949830000 rw-p 00000000 00:00 0 
7f3949830000-7f3949882000 r-xp 00000000 08:02 9183815                    /usr/lib/x86_64-linux-gnu/libgobject-2.0.so.0.4706.0
7f3949882000-7f3949a81000 ---p 00052000 08:02 9183815                    /usr/lib/x86_64-linux-gnu/libgobject-2.0.so.0.4706.0
7f3949a81000-7f3949a82000 r--p 00051000 08:02 9183815                    /usr/lib/x86_64-linux-gnu/libgobject-2.0.so.0.4706.0
7f3949a82000-7f3949a83000 rw-p 00052000 08:02 9183815                    /usr/lib/x86_64-linux-gnu/libgobject-2.0.so.0.4706.0
7f3949a83000-7f3949acc000 r-xp 00000000 08:02 9184203                    /usr/lib/x86_64-linux-gnu/libpango-1.0.so.0.3800.1
7f3949acc000-7f3949ccc000 ---p 00049000 08:02 9184203                    /usr/lib/x86_64-linux-gnu/libpango-1.0.so.0.3800.1
7f3949ccc000-7f3949cce000 r--p 00049000 08:02 9184203                    /usr/lib/x86_64-linux-gnu/libpango-1.0.so.0.3800.1
7f3949cce000-7f3949ccf000 rw-p 0004b000 08:02 9184203                    /usr/lib/x86_64-linux-gnu/libpango-1.0.so.0.3800.1
7f3949ccf000-7f3949ce3000 r-xp 00000000 08:02 9184207                    /usr/lib/x86_64-linux-gnu/libpangoft2-1.0.so.0.3800.1
7f3949ce3000-7f3949ee3000 ---p 00014000 08:02 9184207                    /usr/lib/x86_64-linux-gnu/libpangoft2-1.0.so.0.3800.1
7f3949ee3000-7f3949ee4000 r--p 00014000 08:02 9184207                    /usr/lib/x86_64-linux-gnu/libpangoft2-1.0.so.0.3800.1
7f3949ee4000-7f3949ee5000 rw-p 00015000 08:02 9184207                    /usr/lib/x86_64-linux-gnu/libpangoft2-1.0.so.0.3800.1
7f3949ee5000-7f394a065000 r-xp 00000000 08:02 9183777                    /usr/lib/x86_64-linux-gnu/libgio-2.0.so.0.4706.0
7f394a065000-7f394a265000 ---p 00180000 08:02 9183777                    /usr/lib/x86_64-linux-gnu/libgio-2.0.so.0.4706.0
7f394a265000-7f394a269000 r--p 00180000 08:02 9183777                    /usr/lib/x86_64-linux-gnu/libgio-2.0.so.0.4706.0
7f394a269000-7f394a26b000 rw-p 00184000 08:02 9183777                    /usr/lib/x86_64-linux-gnu/libgio-2.0.so.0.4706.0
7f394a26b000-7f394a26d000 rw-p 00000000 00:00 0 
7f394a26d000-7f394a28e000 r-xp 00000000 08:02 9183749                    /usr/lib/x86_64-linux-gnu/libgdk_pixbuf-2.0.so.0.3200.2
7f394a28e000-7f394a48d000 ---p 00021000 08:02 9183749                    /usr/lib/x86_64-linux-gnu/libgdk_pixbuf-2.0.so.0.3200.2
7f394a48d000-7f394a48e000 r--p 00020000 08:02 9183749                    /usr/lib/x86_64-linux-gnu/libgdk_pixbuf-2.0.so.0.3200.2
7f394a48e000-7f394a48f000 rw-p 00021000 08:02 9183749                    /usr/lib/x86_64-linux-gnu/libgdk_pixbuf-2.0.so.0.3200.2
7f394a48f000-7f394a59d000 r-xp 00000000 08:02 9183443                    /usr/lib/x86_64-linux-gnu/libcairo.so.2.11400.6
7f394a59d000-7f394a79d000 ---p 0010e000 08:02 9183443                    /usr/lib/x86_64-linux-gnu/libcairo.so.2.11400.6
7f394a79d000-7f394a7a0000 r--p 0010e000 08:02 9183443                    /usr/lib/x86_64-linux-gnu/libcairo.so.2.11400.6
7f394a7a0000-7f394a7a1000 rw-p 00111000 08:02 9183443                    /usr/lib/x86_64-linux-gnu/libcairo.so.2.11400.6
7f394a7a1000-7f394a7a3000 rw-p 00000000 00:00 0 
7f394a7a3000-7f394a7c5000 r-xp 00000000 08:02 9183387                    /usr/lib/x86_64-linux-gnu/libatk-1.0.so.0.21809.1
7f394a7c5000-7f394a9c4000 ---p 00022000 08:02 9183387                    /usr/lib/x86_64-linux-gnu/libatk-1.0.so.0.21809.1
7f394a9c4000-7f394a9c7000 r--p 00021000 08:02 9183387                    /usr/lib/x86_64-linux-gnu/libatk-1.0.so.0.21809.1
7f394a9c7000-7f394a9c8000 rw-p 00024000 08:02 9183387                    /usr/lib/x86_64-linux-gnu/libatk-1.0.so.0.21809.1
7f394a9c8000-7f394a9d4000 r-xp 00000000 08:02 9184205                    /usr/lib/x86_64-linux-gnu/libpangocairo-1.0.so.0.3800.1
7f394a9d4000-7f394abd3000 ---p 0000c000 08:02 9184205                    /usr/lib/x86_64-linux-gnu/libpangocairo-1.0.so.0.3800.1
7f394abd3000-7f394abd4000 r--p 0000b000 08:02 9184205                    /usr/lib/x86_64-linux-gnu/libpangocairo-1.0.so.0.3800.1
7f394abd4000-7f394abd5000 rw-p 0000c000 08:02 9184205                    /usr/lib/x86_64-linux-gnu/libpangocairo-1.0.so.0.3800.1
7f394abd5000-7f394abd8000 r-xp 00000000 08:02 9183791                    /usr/lib/x86_64-linux-gnu/libgmodule-2.0.so.0.4706.0
7f394abd8000-7f394add7000 ---p 00003000 08:02 9183791                    /usr/lib/x86_64-linux-gnu/libgmodule-2.0.so.0.4706.0
7f394add7000-7f394add8000 r--p 00002000 08:02 9183791                    /usr/lib/x86_64-linux-gnu/libgmodule-2.0.so.0.4706.0
7f394add8000-7f394add9000 rw-p 00003000 08:02 9183791                    /usr/lib/x86_64-linux-gnu/libgmodule-2.0.so.0.4706.0
7f394add9000-7f394ae89000 r-xp 00000000 08:02 9183747                    /usr/lib/x86_64-linux-gnu/libgdk-x11-2.0.so.0.2400.30
7f394ae89000-7f394b088000 ---p 000b0000 08:02 9183747                    /usr/lib/x86_64-linux-gnu/libgdk-x11-2.0.so.0.2400.30
7f394b088000-7f394b08c000 r--p 000af000 08:02 9183747                    /usr/lib/x86_64-linux-gnu/libgdk-x11-2.0.so.0.2400.30
7f394b08c000-7f394b08e000 rw-p 000b3000 08:02 9183747                    /usr/lib/x86_64-linux-gnu/libgdk-x11-2.0.so.0.2400.30
7f394b08e000-7f394b4cc000 r-xp 00000000 08:02 9183892                    /usr/lib/x86_64-linux-gnu/libgtk-x11-2.0.so.0.2400.30
7f394b4cc000-7f394b6cb000 ---p 0043e000 08:02 9183892                    /usr/lib/x86_64-linux-gnu/libgtk-x11-2.0.so.0.2400.30
7f394b6cb000-7f394b6d2000 r--p 0043d000 08:02 9183892                    /usr/lib/x86_64-linux-gnu/libgtk-x11-2.0.so.0.2400.30
7f394b6d2000-7f394b6d6000 rw-p 00444000 08:02 9183892                    /usr/lib/x86_64-linux-gnu/libgtk-x11-2.0.so.0.2400.30
7f394b6d6000-7f394b8d9000 rw-p 00000000 00:00 0 
7f394b8d9000-7f394b8dc000 ---p 00000000 00:00 0 
7f394b8dc000-7f394b9da000 rw-p 00000000 00:00 0                          [stack:11879]
7f394b9da000-7f394b9df000 r-xp 00000000 08:02 9183300                    /usr/lib/x86_64-linux-gnu/libXfixes.so.3.1.0
7f394b9df000-7f394bbde000 ---p 00005000 08:02 9183300                    /usr/lib/x86_64-linux-gnu/libXfixes.so.3.1.0
7f394bbde000-7f394bbdf000 r--p 00004000 08:02 9183300                    /usr/lib/x86_64-linux-gnu/libXfixes.so.3.1.0
7f394bbdf000-7f394bbe0000 rw-p 00005000 08:02 9183300                    /usr/lib/x86_64-linux-gnu/libXfixes.so.3.1.0
7f394bbe0000-7f394bbe9000 r-xp 00000000 08:02 9183292                    /usr/lib/x86_64-linux-gnu/libXcursor.so.1.0.2
7f394bbe9000-7f394bde8000 ---p 00009000 08:02 9183292                    /usr/lib/x86_64-linux-gnu/libXcursor.so.1.0.2
7f394bde8000-7f394bde9000 r--p 00008000 08:02 9183292                    /usr/lib/x86_64-linux-gnu/libXcursor.so.1.0.2
7f394bde9000-7f394bdea000 rw-p 00009000 08:02 9183292                    /usr/lib/x86_64-linux-gnu/libXcursor.so.1.0.2
7f394bdea000-7f394be00000 r-xp 00000000 08:02 1053169                    /lib/x86_64-linux-gnu/libgcc_s.so.1
7f394be00000-7f394bfff000 ---p 00016000 08:02 1053169                    /lib/x86_64-linux-gnu/libgcc_s.so.1
7f394bfff000-7f394c000000 rw-p 00015000 08:02 1053169                    /lib/x86_64-linux-gnu/libgcc_s.so.1
7f394c000000-7f394c021000 rw-p 00000000 00:00 0 
7f394c021000-7f3950000000 ---p 00000000 00:00 0 
7f3950000000-7f3950021000 rw-p 00000000 00:00 0 
7f3950021000-7f3954000000 ---p 00000000 00:00 0 
7f3954000000-7f3954021000 rw-p 00000000 00:00 0 
7f3954021000-7f3958000000 ---p 00000000 00:00 0 
7f3958056000-7f3958075000 r--s 00000000 08:02 393362                     /usr/share/mime/mime.cache
7f3958075000-7f39580a8000 r--p 00000000 08:02 1460727                    /usr/share/icons/Humanity/icon-theme.cache
7f39580a8000-7f39580ab000 ---p 00000000 00:00 0 
7f39580ab000-7f39581a9000 rw-p 00000000 00:00 0                          [stack:11878]
7f39581a9000-7f395820e000 r-xp 00000000 08:02 9308381                    /usr/lib/jvm/java-8-oracle/jre/lib/amd64/libfontmanager.so
7f395820e000-7f395840d000 ---p 00065000 08:02 9308381                    /usr/lib/jvm/java-8-oracle/jre/lib/amd64/libfontmanager.so
7f395840d000-7f3958412000 rw-p 00064000 08:02 9308381                    /usr/lib/jvm/java-8-oracle/jre/lib/amd64/libfontmanager.so
7f3958412000-7f3958622000 rw-p 00000000 00:00 0 
7f3958622000-7f3958627000 r-xp 00000000 08:02 9183296                    /usr/lib/x86_64-linux-gnu/libXdmcp.so.6.0.0
7f3958627000-7f3958826000 ---p 00005000 08:02 9183296                    /usr/lib/x86_64-linux-gnu/libXdmcp.so.6.0.0
7f3958826000-7f3958827000 r--p 00004000 08:02 9183296                    /usr/lib/x86_64-linux-gnu/libXdmcp.so.6.0.0
7f3958827000-7f3958828000 rw-p 00005000 08:02 9183296                    /usr/lib/x86_64-linux-gnu/libXdmcp.so.6.0.0
7f3958828000-7f395882a000 r-xp 00000000 08:02 9183285                    /usr/lib/x86_64-linux-gnu/libXau.so.6.0.0
7f395882a000-7f3958a2a000 ---p 00002000 08:02 9183285                    /usr/lib/x86_64-linux-gnu/libXau.so.6.0.0
7f3958a2a000-7f3958a2b000 r--p 00002000 08:02 9183285                    /usr/lib/x86_64-linux-gnu/libXau.so.6.0.0
7f3958a2b000-7f3958a2c000 rw-p 00003000 08:02 9183285                    /usr/lib/x86_64-linux-gnu/libXau.so.6.0.0
7f3958a2c000-7f3958a4d000 r-xp 00000000 08:02 9184652                    /usr/lib/x86_64-linux-gnu/libxcb.so.1.1.0
7f3958a4d000-7f3958c4c000 ---p 00021000 08:02 9184652                    /usr/lib/x86_64-linux-gnu/libxcb.so.1.1.0
7f3958c4c000-7f3958c4d000 r--p 00020000 08:02 9184652                    /usr/lib/x86_64-linux-gnu/libxcb.so.1.1.0
7f3958c4d000-7f3958c4e000 rw-p 00021000 08:02 9184652                    /usr/lib/x86_64-linux-gnu/libxcb.so.1.1.0
7f3958c4e000-7f3958c5d000 r-xp 00000000 08:02 9183306                    /usr/lib/x86_64-linux-gnu/libXi.so.6.1.0
7f3958c5d000-7f3958e5c000 ---p 0000f000 08:02 9183306                    /usr/lib/x86_64-linux-gnu/libXi.so.6.1.0
7f3958e5c000-7f3958e5d000 r--p 0000e000 08:02 9183306                    /usr/lib/x86_64-linux-gnu/libXi.so.6.1.0
7f3958e5d000-7f3958e5e000 rw-p 0000f000 08:02 9183306                    /usr/lib/x86_64-linux-gnu/libXi.so.6.1.0
7f3958e5e000-7f3958e63000 r-xp 00000000 08:02 9183324                    /usr/lib/x86_64-linux-gnu/libXtst.so.6.1.0
7f3958e63000-7f3959062000 ---p 00005000 08:02 9183324                    /usr/lib/x86_64-linux-gnu/libXtst.so.6.1.0
7f3959062000-7f3959063000 r--p 00004000 08:02 9183324                    /usr/lib/x86_64-linux-gnu/libXtst.so.6.1.0
7f3959063000-7f3959064000 rw-p 00005000 08:02 9183324                    /usr/lib/x86_64-linux-gnu/libXtst.so.6.1.0
7f3959064000-7f395906d000 r-xp 00000000 08:02 9183318                    /usr/lib/x86_64-linux-gnu/libXrender.so.1.3.0
7f395906d000-7f395926c000 ---p 00009000 08:02 9183318                    /usr/lib/x86_64-linux-gnu/libXrender.so.1.3.0
7f395926c000-7f395926d000 r--p 00008000 08:02 9183318                    /usr/lib/x86_64-linux-gnu/libXrender.so.1.3.0
7f395926d000-7f395926e000 rw-p 00009000 08:02 9183318                    /usr/lib/x86_64-linux-gnu/libXrender.so.1.3.0
7f395926e000-7f39593a3000 r-xp 00000000 08:02 9183281                    /usr/lib/x86_64-linux-gnu/libX11.so.6.3.0
7f39593a3000-7f39595a3000 ---p 00135000 08:02 9183281                    /usr/lib/x86_64-linux-gnu/libX11.so.6.3.0
7f39595a3000-7f39595a4000 r--p 00135000 08:02 9183281                    /usr/lib/x86_64-linux-gnu/libX11.so.6.3.0
7f39595a4000-7f39595a8000 rw-p 00136000 08:02 9183281                    /usr/lib/x86_64-linux-gnu/libX11.so.6.3.0
7f39595a8000-7f39595b9000 r-xp 00000000 08:02 9183298                    /usr/lib/x86_64-linux-gnu/libXext.so.6.4.0
7f39595b9000-7f39597b8000 ---p 00011000 08:02 9183298                    /usr/lib/x86_64-linux-gnu/libXext.so.6.4.0
7f39597b8000-7f39597b9000 r--p 00010000 08:02 9183298                    /usr/lib/x86_64-linux-gnu/libXext.so.6.4.0
7f39597b9000-7f39597ba000 rw-p 00011000 08:02 9183298                    /usr/lib/x86_64-linux-gnu/libXext.so.6.4.0
7f39597ba000-7f395980e000 r-xp 00000000 08:02 9308406                    /usr/lib/jvm/java-8-oracle/jre/lib/amd64/libawt_xawt.so
7f395980e000-7f3959a0e000 ---p 00054000 08:02 9308406                    /usr/lib/jvm/java-8-oracle/jre/lib/amd64/libawt_xawt.so
7f3959a0e000-7f3959a12000 rw-p 00054000 08:02 9308406                    /usr/lib/jvm/java-8-oracle/jre/lib/amd64/libawt_xawt.so
7f3959a12000-7f3959a13000 rw-p 00000000 00:00 0 
7f3959a13000-7f3959ab5000 r-xp 00000000 08:02 9308392                    /usr/lib/jvm/java-8-oracle/jre/lib/amd64/libawt.so
7f3959ab5000-7f3959cb5000 ---p 000a2000 08:02 9308392                    /usr/lib/jvm/java-8-oracle/jre/lib/amd64/libawt.so
7f3959cb5000-7f3959cc1000 rw-p 000a2000 08:02 9308392                    /usr/lib/jvm/java-8-oracle/jre/lib/amd64/libawt.so
7f3959cc1000-7f3959ce5000 rw-p 00000000 00:00 0 
7f3959ce5000-7f3959ce8000 ---p 00000000 00:00 0 
7f3959ce8000-7f395a0e7000 rw-p 00000000 00:00 0                          [stack:11877]
7f395a0e7000-7f395a0fd000 r-xp 00000000 08:02 9308399                    /usr/lib/jvm/java-8-oracle/jre/lib/amd64/libnet.so
7f395a0fd000-7f395a2fd000 ---p 00016000 08:02 9308399                    /usr/lib/jvm/java-8-oracle/jre/lib/amd64/libnet.so
7f395a2fd000-7f395a2fe000 rw-p 00016000 08:02 9308399                    /usr/lib/jvm/java-8-oracle/jre/lib/amd64/libnet.so
7f395a2fe000-7f395a2ff000 ---p 00000000 00:00 0 
7f395a2ff000-7f395a3ff000 rw-p 00000000 00:00 0                          [stack:11876]
7f395a3ff000-7f395a402000 ---p 00000000 00:00 0 
7f395a402000-7f395a500000 rw-p 00000000 00:00 0                          [stack:11875]
7f395a500000-7f395a503000 ---p 00000000 00:00 0 
7f395a503000-7f395a601000 rw-p 00000000 00:00 0                          [stack:11874]
7f395a601000-7f395a604000 ---p 00000000 00:00 0 
7f395a604000-7f395a702000 rw-p 00000000 00:00 0                          [stack:11873]
7f395a702000-7f395a705000 ---p 00000000 00:00 0 
7f395a705000-7f395a803000 rw-p 00000000 00:00 0                          [stack:11872]
7f395a803000-7f395a806000 ---p 00000000 00:00 0 
7f395a806000-7f395a904000 rw-p 00000000 00:00 0                          [stack:11871]
7f395a904000-7f395a907000 ---p 00000000 00:00 0 
7f395a907000-7f395aa05000 rw-p 00000000 00:00 0                          [stack:11870]
7f395aa05000-7f395b4f5000 r--p 00000000 08:02 9182299                    /usr/lib/locale/locale-archive
7f395b4f5000-7f395b4f8000 ---p 00000000 00:00 0 
7f395b4f8000-7f395b5f6000 rw-p 00000000 00:00 0                          [stack:11869]
7f395b5f6000-7f395b5f9000 ---p 00000000 00:00 0 
7f395b5f9000-7f395b6f7000 rw-p 00000000 00:00 0                          [stack:11868]
7f395b6f7000-7f395b6f8000 ---p 00000000 00:00 0 
7f395b6f8000-7f395c000000 rw-p 00000000 00:00 0                          [stack:11867]
7f395c000000-7f395c021000 rw-p 00000000 00:00 0 
7f395c021000-7f3960000000 ---p 00000000 00:00 0 
7f3960001000-7f3960002000 r--s 00009000 08:02 9308247                    /usr/lib/jvm/java-8-oracle/jre/lib/ext/sunec.jar
7f3960002000-7f3960006000 r--s 00097000 08:02 9308245                    /usr/lib/jvm/java-8-oracle/jre/lib/jsse.jar
7f3960015000-7f396001a000 r--p 00000000 08:02 1587823                    /usr/share/icons/hicolor/icon-theme.cache
7f396001a000-7f3960023000 r--p 00000000 08:02 1460626                    /usr/share/icons/Adwaita/icon-theme.cache
7f3960023000-7f3960028000 r--p 00000000 08:02 1460732                    /usr/share/icons/Humanity-Dark/icon-theme.cache
7f3960028000-7f3960033000 r--s 00000000 08:02 8126624                    /var/cache/fontconfig/945677eb7aeaf62f1d50efc3fb3ec7d8-le64.cache-4
7f3960033000-7f3960039000 r--s 00000000 08:02 8126606                    /var/cache/fontconfig/2cd17615ca594fa2959ae173292e504c-le64.cache-4
7f3960039000-7f396003a000 r--s 00000000 08:02 8126603                    /var/cache/fontconfig/0d8c3b2ac0904cb8a57a757ad11a4a08-le64.cache-4
7f396003a000-7f396004f000 r--s 00000000 08:02 8126600                    /var/cache/fontconfig/04aabc0a78ac019cf9454389977116d2-le64.cache-4
7f396004f000-7f3960050000 r--s 00000000 08:02 8126605                    /var/cache/fontconfig/1ac9eb803944fde146138c791f5cc56a-le64.cache-4
7f3960050000-7f3960054000 r--s 00000000 08:02 8126610                    /var/cache/fontconfig/385c0604a188198f04d133e54aba7fe7-le64.cache-4
7f3960054000-7f3960055000 r--s 00000000 08:02 8126637                    /var/cache/fontconfig/dc05db6664285cc2f12bf69c139ae4c3-le64.cache-4
7f3960055000-7f3960057000 r--s 00000000 08:02 8126620                    /var/cache/fontconfig/767a8244fc0220cfb567a839d0392e0b-le64.cache-4
7f3960057000-7f3960058000 r--s 00000000 08:02 8126611                    /var/cache/fontconfig/4794a0821666d79190d59a36cb4f44b5-le64.cache-4
7f3960058000-7f396005d000 r--s 00000000 08:02 8126623                    /var/cache/fontconfig/8801497958630a81b71ace7c5f9b32a8-le64.cache-4
7f396005d000-7f396005e000 r--s 00000000 08:02 8126630                    /var/cache/fontconfig/bab58bb527bb656aaa9f116d68a48d89-le64.cache-4
7f396005e000-7f3960065000 r--s 00000000 08:02 8126607                    /var/cache/fontconfig/3047814df9a2f067bd2d96a2b9c36e5a-le64.cache-4
7f3960065000-7f3960066000 r--s 00000000 08:02 8126614                    /var/cache/fontconfig/56cf4f4769d0f4abc89a4895d7bd3ae1-le64.cache-4
7f3960066000-7f3960067000 r--s 00000000 08:02 8126629                    /var/cache/fontconfig/b9d506c9ac06c20b433354fa67a72993-le64.cache-4
7f3960067000-7f396006d000 r--s 00000000 08:02 8126628                    /var/cache/fontconfig/b47c4e1ecd0709278f4910c18777a504-le64.cache-4
7f396006d000-7f3960080000 r--s 00000000 08:02 8126634                    /var/cache/fontconfig/d52a8644073d54c13679302ca1180695-le64.cache-4
7f3960080000-7f3960081000 r--s 00000000 08:02 8126613                    /var/cache/fontconfig/551ecf3b0e8b0bca0f25c0944f561853-le64.cache-4
7f3960081000-7f3960085000 r--s 00000000 08:02 8126635                    /var/cache/fontconfig/d589a48862398ed80a3d6066f4f56f4c-le64.cache-4
7f3960085000-7f3960086000 r--s 00000000 08:02 8126608                    /var/cache/fontconfig/30829fa25452a46451e813d634d7f916-le64.cache-4
7f3960086000-7f3960087000 r--s 00000000 08:02 8126602                    /var/cache/fontconfig/0c9eb80ebd1c36541ebe2852d3bb0c49-le64.cache-4
7f3960087000-7f396008a000 r--s 00000000 08:02 8126619                    /var/cache/fontconfig/75114ca45c98e8a441da0ff356701271-le64.cache-4
7f396008a000-7f3960095000 r--s 00000000 08:02 8126622                    /var/cache/fontconfig/83bf95040141907cd45bb53cf7c1c148-le64.cache-4
7f3960095000-7f39600a7000 r--s 00000000 08:02 8126626                    /var/cache/fontconfig/9b89f8e3dae116d678bbf48e5f21f69b-le64.cache-4
7f39600a7000-7f39600b4000 r--s 00000000 08:02 8128584                    /var/cache/fontconfig/e13b20fdb08344e0e664864cc2ede53d-le64.cache-4
7f39600b4000-7f39600b8000 r--s 00000000 08:02 8126618                    /var/cache/fontconfig/7ef2298fde41cc6eeb7af42e48b7d293-le64.cache-4
7f39600b8000-7f39600ff000 r--p 00000000 08:02 919401                     /usr/share/glib-2.0/schemas/gschemas.compiled
7f39600ff000-7f3964000000 rw-p 00000000 00:00 0 
7f3964000000-7f3964021000 rw-p 00000000 00:00 0 
7f3964021000-7f3968000000 ---p 00000000 00:00 0 
7f3968000000-7f3968004000 rw-s 00000000 00:05 19103763                   /SYSV00000000 (deleted)
7f3968004000-7f3968012000 r--p 00000000 08:02 1587154                    /usr/share/icons/ubuntu-mono-dark/icon-theme.cache
7f3968012000-7f3968018000 r--s 0003f000 08:02 9308257                    /usr/lib/jvm/java-8-oracle/jre/lib/ext/sunjce_provider.jar
7f3968018000-7f396801d000 r--p 00000000 08:02 7085423                    /home/artas182x/.config/dconf/user
7f396801d000-7f3968037000 r--p 00000000 08:02 791343                     /usr/share/locale-langpack/pl/LC_MESSAGES/glib20.mo
7f3968037000-7f3968061000 r--p 00000000 08:02 791208                     /usr/share/locale-langpack/pl/LC_MESSAGES/gtk20-properties.mo
7f3968061000-7f3968070000 r--p 00000000 08:02 791234                     /usr/share/locale-langpack/pl/LC_MESSAGES/gtk20.mo
7f3968070000-7f3968076000 r--s 002f8000 08:02 9308191                    /usr/lib/jvm/java-8-oracle/jre/lib/charsets.jar
7f3968076000-7f3968080000 r--s 00116000 08:02 9308256                    /usr/lib/jvm/java-8-oracle/jre/lib/ext/localedata.jar
7f3968080000-7f396809c000 r--s 00393000 08:02 9308249                    /usr/lib/jvm/java-8-oracle/jre/lib/ext/cldrdata.jar
7f396809c000-7f39680a3000 r--s 00000000 08:02 134242                     /usr/lib/x86_64-linux-gnu/gconv/gconv-modules.cache
7f39680a3000-7f39680c8000 r--p 00000000 08:02 791549                     /usr/share/locale-langpack/pl/LC_MESSAGES/libc.mo
7f39680c8000-7f39680d2000 r--s 0005f000 08:02 7221783                    /home/artas182x/Pulpit/jadx/lib/logback-core-1.1.2.jar
7f39680d2000-7f39680d8000 r--s 0003d000 08:02 7221772                    /home/artas182x/Pulpit/jadx/lib/logback-classic-1.1.2.jar
7f39680d8000-7f39680da000 r--s 0000d000 08:02 7221777                    /home/artas182x/Pulpit/jadx/lib/jcommander-1.47.jar
7f39680da000-7f39680df000 r--s 0002f000 08:02 7221781                    /home/artas182x/Pulpit/jadx/lib/gson-2.3.1.jar
7f39680df000-7f39680ea000 r--s 000f3000 08:02 7221782                    /home/artas182x/Pulpit/jadx/lib/rsyntaxtextarea-2.5.6.jar
7f39680ea000-7f3969000000 rw-p 00000000 00:00 0 
7f3969000000-7f396a180000 rwxp 00000000 00:00 0 
7f396a180000-7f3978000000 ---p 00000000 00:00 0 
7f3978000000-7f39787bc000 rw-p 00000000 00:00 0 
7f39787bc000-7f397c000000 ---p 00000000 00:00 0 
7f397c000000-7f397c001000 r--s 00000000 00:29 37                         /run/user/1000/dconf/user
7f397c001000-7f397c002000 r--s 00004000 08:02 7221775                    /home/artas182x/Pulpit/jadx/lib/annotations-12.0.jar
7f397c002000-7f397c003000 r--s 0000c000 08:02 7221771                    /home/artas182x/Pulpit/jadx/lib/asm-5.0.3.jar
7f397c003000-7f397c456000 rw-p 00000000 00:00 0 
7f397c456000-7f397c62e000 r--s 03d1e000 08:02 9308193                    /usr/lib/jvm/java-8-oracle/jre/lib/rt.jar
7f397c62e000-7f397d284000 rw-p 00000000 00:00 0 
7f397d284000-7f397d285000 ---p 00000000 00:00 0 
7f397d285000-7f397d385000 rw-p 00000000 00:00 0                          [stack:11866]
7f397d385000-7f397d386000 ---p 00000000 00:00 0 
7f397d386000-7f397d486000 rw-p 00000000 00:00 0                          [stack:11865]
7f397d486000-7f397d487000 ---p 00000000 00:00 0 
7f397d487000-7f397d587000 rw-p 00000000 00:00 0                          [stack:11864]
7f397d587000-7f397d588000 ---p 00000000 00:00 0 
7f397d588000-7f397d688000 rw-p 00000000 00:00 0                          [stack:11863]
7f397d688000-7f397d689000 ---p 00000000 00:00 0 
7f397d689000-7f397d789000 rw-p 00000000 00:00 0                          [stack:11862]
7f397d789000-7f397d78a000 ---p 00000000 00:00 0 
7f397d78a000-7f397d88a000 rw-p 00000000 00:00 0                          [stack:11861]
7f397d88a000-7f397d88b000 ---p 00000000 00:00 0 
7f397d88b000-7f397d98b000 rw-p 00000000 00:00 0                          [stack:11860]
7f397d98b000-7f397d98c000 ---p 00000000 00:00 0 
7f397d98c000-7f397dcc0000 rw-p 00000000 00:00 0                          [stack:11859]
7f397dcc0000-7f397dd22000 ---p 00000000 00:00 0 
7f397dd22000-7f397df56000 rw-p 00000000 00:00 0 
7f397df56000-7f397dfb7000 ---p 00000000 00:00 0 
7f397dfb7000-7f397e102000 rw-p 00000000 00:00 0 
7f397e102000-7f397e149000 rw-p 00000000 00:00 0 
7f397e149000-7f397e4c3000 ---p 00000000 00:00 0 
7f397e4c3000-7f397e4dd000 r-xp 00000000 08:02 9308395                    /usr/lib/jvm/java-8-oracle/jre/lib/amd64/libzip.so
7f397e4dd000-7f397e6dd000 ---p 0001a000 08:02 9308395                    /usr/lib/jvm/java-8-oracle/jre/lib/amd64/libzip.so
7f397e6dd000-7f397e6de000 rw-p 0001a000 08:02 9308395                    /usr/lib/jvm/java-8-oracle/jre/lib/amd64/libzip.so
7f397e6de000-7f397e6e9000 r-xp 00000000 08:02 1053229                    /lib/x86_64-linux-gnu/libnss_files-2.23.so
7f397e6e9000-7f397e8e8000 ---p 0000b000 08:02 1053229                    /lib/x86_64-linux-gnu/libnss_files-2.23.so
7f397e8e8000-7f397e8e9000 r--p 0000a000 08:02 1053229                    /lib/x86_64-linux-gnu/libnss_files-2.23.so
7f397e8e9000-7f397e8ea000 rw-p 0000b000 08:02 1053229                    /lib/x86_64-linux-gnu/libnss_files-2.23.so
7f397e8ea000-7f397e8f0000 rw-p 00000000 00:00 0 
7f397e8f0000-7f397e8fb000 r-xp 00000000 08:02 1053239                    /lib/x86_64-linux-gnu/libnss_nis-2.23.so
7f397e8fb000-7f397eafa000 ---p 0000b000 08:02 1053239                    /lib/x86_64-linux-gnu/libnss_nis-2.23.so
7f397eafa000-7f397eafb000 r--p 0000a000 08:02 1053239                    /lib/x86_64-linux-gnu/libnss_nis-2.23.so
7f397eafb000-7f397eafc000 rw-p 0000b000 08:02 1053239                    /lib/x86_64-linux-gnu/libnss_nis-2.23.so
7f397eafc000-7f397eb12000 r-xp 00000000 08:02 1053223                    /lib/x86_64-linux-gnu/libnsl-2.23.so
7f397eb12000-7f397ed12000 ---p 00016000 08:02 1053223                    /lib/x86_64-linux-gnu/libnsl-2.23.so
7f397ed12000-7f397ed13000 r--p 00016000 08:02 1053223                    /lib/x86_64-linux-gnu/libnsl-2.23.so
7f397ed13000-7f397ed14000 rw-p 00017000 08:02 1053223                    /lib/x86_64-linux-gnu/libnsl-2.23.so
7f397ed14000-7f397ed16000 rw-p 00000000 00:00 0 
7f397ed16000-7f397ed1e000 r-xp 00000000 08:02 1053225                    /lib/x86_64-linux-gnu/libnss_compat-2.23.so
7f397ed1e000-7f397ef1d000 ---p 00008000 08:02 1053225                    /lib/x86_64-linux-gnu/libnss_compat-2.23.so
7f397ef1d000-7f397ef1e000 r--p 00007000 08:02 1053225                    /lib/x86_64-linux-gnu/libnss_compat-2.23.so
7f397ef1e000-7f397ef1f000 rw-p 00008000 08:02 1053225                    /lib/x86_64-linux-gnu/libnss_compat-2.23.so
7f397ef1f000-7f397ef49000 r-xp 00000000 08:02 9308390                    /usr/lib/jvm/java-8-oracle/jre/lib/amd64/libjava.so
7f397ef49000-7f397f149000 ---p 0002a000 08:02 9308390                    /usr/lib/jvm/java-8-oracle/jre/lib/amd64/libjava.so
7f397f149000-7f397f14b000 rw-p 0002a000 08:02 9308390                    /usr/lib/jvm/java-8-oracle/jre/lib/amd64/libjava.so
7f397f14b000-7f397f158000 r-xp 00000000 08:02 9308394                    /usr/lib/jvm/java-8-oracle/jre/lib/amd64/libverify.so
7f397f158000-7f397f358000 ---p 0000d000 08:02 9308394                    /usr/lib/jvm/java-8-oracle/jre/lib/amd64/libverify.so
7f397f358000-7f397f35a000 rw-p 0000d000 08:02 9308394                    /usr/lib/jvm/java-8-oracle/jre/lib/amd64/libverify.so
7f397f35a000-7f397f361000 r-xp 00000000 08:02 1053284                    /lib/x86_64-linux-gnu/librt-2.23.so
7f397f361000-7f397f560000 ---p 00007000 08:02 1053284                    /lib/x86_64-linux-gnu/librt-2.23.so
7f397f560000-7f397f561000 r--p 00006000 08:02 1053284                    /lib/x86_64-linux-gnu/librt-2.23.so
7f397f561000-7f397f562000 rw-p 00007000 08:02 1053284                    /lib/x86_64-linux-gnu/librt-2.23.so
7f397f562000-7f397f66a000 r-xp 00000000 08:02 1053200                    /lib/x86_64-linux-gnu/libm-2.23.so
7f397f66a000-7f397f869000 ---p 00108000 08:02 1053200                    /lib/x86_64-linux-gnu/libm-2.23.so
7f397f869000-7f397f86a000 r--p 00107000 08:02 1053200                    /lib/x86_64-linux-gnu/libm-2.23.so
7f397f86a000-7f397f86b000 rw-p 00108000 08:02 1053200                    /lib/x86_64-linux-gnu/libm-2.23.so
7f397f86b000-7f398052a000 r-xp 00000000 08:02 9308373                    /usr/lib/jvm/java-8-oracle/jre/lib/amd64/server/libjvm.so
7f398052a000-7f3980729000 ---p 00cbf000 08:02 9308373                    /usr/lib/jvm/java-8-oracle/jre/lib/amd64/server/libjvm.so
7f3980729000-7f3980802000 rw-p 00cbe000 08:02 9308373                    /usr/lib/jvm/java-8-oracle/jre/lib/amd64/server/libjvm.so
7f3980802000-7f398084b000 rw-p 00000000 00:00 0 
7f398084b000-7f3980a0b000 r-xp 00000000 08:02 1053136                    /lib/x86_64-linux-gnu/libc-2.23.so
7f3980a0b000-7f3980c0b000 ---p 001c0000 08:02 1053136                    /lib/x86_64-linux-gnu/libc-2.23.so
7f3980c0b000-7f3980c0f000 r--p 001c0000 08:02 1053136                    /lib/x86_64-linux-gnu/libc-2.23.so
7f3980c0f000-7f3980c11000 rw-p 001c4000 08:02 1053136                    /lib/x86_64-linux-gnu/libc-2.23.so
7f3980c11000-7f3980c15000 rw-p 00000000 00:00 0 
7f3980c15000-7f3980c18000 r-xp 00000000 08:02 1053155                    /lib/x86_64-linux-gnu/libdl-2.23.so
7f3980c18000-7f3980e17000 ---p 00003000 08:02 1053155                    /lib/x86_64-linux-gnu/libdl-2.23.so
7f3980e17000-7f3980e18000 r--p 00002000 08:02 1053155                    /lib/x86_64-linux-gnu/libdl-2.23.so
7f3980e18000-7f3980e19000 rw-p 00003000 08:02 1053155                    /lib/x86_64-linux-gnu/libdl-2.23.so
7f3980e19000-7f3980e2e000 r-xp 00000000 08:02 9308368                    /usr/lib/jvm/java-8-oracle/jre/lib/amd64/jli/libjli.so
7f3980e2e000-7f398102e000 ---p 00015000 08:02 9308368                    /usr/lib/jvm/java-8-oracle/jre/lib/amd64/jli/libjli.so
7f398102e000-7f398102f000 rw-p 00015000 08:02 9308368                    /usr/lib/jvm/java-8-oracle/jre/lib/amd64/jli/libjli.so
7f398102f000-7f3981047000 r-xp 00000000 08:02 1053276                    /lib/x86_64-linux-gnu/libpthread-2.23.so
7f3981047000-7f3981246000 ---p 00018000 08:02 1053276                    /lib/x86_64-linux-gnu/libpthread-2.23.so
7f3981246000-7f3981247000 r--p 00017000 08:02 1053276                    /lib/x86_64-linux-gnu/libpthread-2.23.so
7f3981247000-7f3981248000 rw-p 00018000 08:02 1053276                    /lib/x86_64-linux-gnu/libpthread-2.23.so
7f3981248000-7f398124c000 rw-p 00000000 00:00 0 
7f398124c000-7f3981272000 r-xp 00000000 08:02 1053108                    /lib/x86_64-linux-gnu/ld-2.23.so
7f3981272000-7f3981276000 r--s 0002a000 08:02 7221774                    /home/artas182x/Pulpit/jadx/lib/commons-io-2.4.jar
7f3981276000-7f3981277000 r--s 00001000 08:02 7221773                    /home/artas182x/Pulpit/jadx/lib/jadx-cli-0.6.0.jar
7f3981277000-7f398127f000 r--s 00082000 08:02 7221780                    /home/artas182x/Pulpit/jadx/lib/jadx-core-0.6.0.jar
7f398127f000-7f398134a000 rw-p 00000000 00:00 0 
7f398134a000-7f398134d000 ---p 00000000 00:00 0 
7f398134d000-7f398144f000 rw-p 00000000 00:00 0                          [stack:11858]
7f398144f000-7f3981450000 r--s 00007000 08:02 7221779                    /home/artas182x/Pulpit/jadx/lib/slf4j-api-1.7.10.jar
7f3981450000-7f3981452000 r--s 00003000 08:02 7221785                    /home/artas182x/Pulpit/jadx/lib/jfontchooser-1.0.5.jar
7f3981452000-7f3981460000 r--s 000dc000 08:02 7221776                    /home/artas182x/Pulpit/jadx/lib/dx-1.10.jar
7f3981460000-7f3981461000 r--s 0001d000 08:02 7221784                    /home/artas182x/Pulpit/jadx/lib/android-5.1.jar
7f3981461000-7f3981465000 r--s 00023000 08:02 7221778                    /home/artas182x/Pulpit/jadx/lib/jadx-gui-0.6.0.jar
7f3981465000-7f398146d000 rw-s 00000000 08:02 6291596                    /tmp/hsperfdata_artas182x/11850
7f398146d000-7f398146e000 rw-p 00000000 00:00 0 
7f398146e000-7f398146f000 ---p 00000000 00:00 0 
7f398146f000-7f3981471000 rw-p 00000000 00:00 0 
7f3981471000-7f3981472000 r--p 00025000 08:02 1053108                    /lib/x86_64-linux-gnu/ld-2.23.so
7f3981472000-7f3981473000 rw-p 00026000 08:02 1053108                    /lib/x86_64-linux-gnu/ld-2.23.so
7f3981473000-7f3981474000 rw-p 00000000 00:00 0 
7ffd23030000-7ffd23051000 rw-p 00000000 00:00 0                          [stack]
7ffd231b1000-7ffd231b3000 r--p 00000000 00:00 0                          [vvar]
7ffd231b3000-7ffd231b5000 r-xp 00000000 00:00 0                          [vdso]
ffffffffff600000-ffffffffff601000 r-xp 00000000 00:00 0                  [vsyscall]

VM Arguments:
java_command: jadx.gui.JadxGUI
java_class_path (initial): /home/artas182x/Pulpit/jadx/lib/jadx-gui-0.6.0.jar:/home/artas182x/Pulpit/jadx/lib/android-5.1.jar:/home/artas182x/Pulpit/jadx/lib/dx-1.10.jar:/home/artas182x/Pulpit/jadx/lib/jfontchooser-1.0.5.jar:/home/artas182x/Pulpit/jadx/lib/slf4j-api-1.7.10.jar:/home/artas182x/Pulpit/jadx/lib/jadx-core-0.6.0.jar:/home/artas182x/Pulpit/jadx/lib/jadx-cli-0.6.0.jar:/home/artas182x/Pulpit/jadx/lib/rsyntaxtextarea-2.5.6.jar:/home/artas182x/Pulpit/jadx/lib/gson-2.3.1.jar:/home/artas182x/Pulpit/jadx/lib/commons-io-2.4.jar:/home/artas182x/Pulpit/jadx/lib/asm-5.0.3.jar:/home/artas182x/Pulpit/jadx/lib/annotations-12.0.jar:/home/artas182x/Pulpit/jadx/lib/jcommander-1.47.jar:/home/artas182x/Pulpit/jadx/lib/logback-classic-1.1.2.jar:/home/artas182x/Pulpit/jadx/lib/logback-core-1.1.2.jar
Launcher Type: SUN_STANDARD

Environment Variables:
PATH=/usr/local/sbin:/usr/local/bin:/usr/sbin:/usr/bin:/sbin:/bin:/usr/games:/usr/local/games
SHELL=/bin/bash
DISPLAY=:0

Signal Handlers:
SIGSEGV: [libjvm.so+0xabb070], sa_mask[0]=11111111011111111101111111111110, sa_flags=SA_RESTART|SA_SIGINFO
SIGBUS: [libjvm.so+0xabb070], sa_mask[0]=11111111011111111101111111111110, sa_flags=SA_RESTART|SA_SIGINFO
SIGFPE: [libjvm.so+0x918480], sa_mask[0]=11111111011111111101111111111110, sa_flags=SA_RESTART|SA_SIGINFO
SIGPIPE: SIG_IGN, sa_mask[0]=00000000000010000000000000000000, sa_flags=SA_RESTART
SIGXFSZ: [libjvm.so+0x918480], sa_mask[0]=11111111011111111101111111111110, sa_flags=SA_RESTART|SA_SIGINFO
SIGILL: [libjvm.so+0x918480], sa_mask[0]=11111111011111111101111111111110, sa_flags=SA_RESTART|SA_SIGINFO
SIGUSR1: SIG_DFL, sa_mask[0]=00000000000000000000000000000000, sa_flags=none
SIGUSR2: [libjvm.so+0x919ab0], sa_mask[0]=00000000000000000000000000000000, sa_flags=SA_RESTART|SA_SIGINFO
SIGHUP: [libjvm.so+0x91aeb0], sa_mask[0]=11111111011111111101111111111110, sa_flags=SA_RESTART|SA_SIGINFO
SIGINT: [libjvm.so+0x91aeb0], sa_mask[0]=11111111011111111101111111111110, sa_flags=SA_RESTART|SA_SIGINFO
SIGTERM: [libjvm.so+0x91aeb0], sa_mask[0]=11111111011111111101111111111110, sa_flags=SA_RESTART|SA_SIGINFO
SIGQUIT: [libjvm.so+0x91aeb0], sa_mask[0]=11111111011111111101111111111110, sa_flags=SA_RESTART|SA_SIGINFO


---------------  S Y S T E M  ---------------

OS:DISTRIB_ID=Ubuntu
DISTRIB_RELEASE=16.04
DISTRIB_CODENAME=xenial
DISTRIB_DESCRIPTION="Ubuntu Xenial Xerus (development branch)"

uname:Linux 4.4.0-15-generic #31-Ubuntu SMP Fri Mar 18 19:08:31 UTC 2016 x86_64
libc:glibc 2.23 NPTL 2.23 
rlimit: STACK 8192k, CORE 0k, NPROC 31217, NOFILE 65536, AS infinity
load average:1,94 0,81 0,63

/proc/meminfo:
MemTotal:        8120156 kB
MemFree:           81956 kB
MemAvailable:     210916 kB
Buffers:            3876 kB
Cached:          4202316 kB
SwapCached:            0 kB
Active:          3603904 kB
Inactive:        4141204 kB
Active(anon):    3548084 kB
Inactive(anon):  4083020 kB
Active(file):      55820 kB
Inactive(file):    58184 kB
Unevictable:         432 kB
Mlocked:             432 kB
SwapTotal:             0 kB
SwapFree:              0 kB
Dirty:               912 kB
Writeback:             0 kB
AnonPages:       3540068 kB
Mapped:           186596 kB
Shmem:           4091524 kB
Slab:             109332 kB
SReclaimable:      57376 kB
SUnreclaim:        51956 kB
KernelStack:       11648 kB
PageTables:        47108 kB
NFS_Unstable:          0 kB
Bounce:                0 kB
WritebackTmp:          0 kB
CommitLimit:     4060076 kB
Committed_AS:   12932716 kB
VmallocTotal:   34359738367 kB
VmallocUsed:           0 kB
VmallocChunk:          0 kB
HardwareCorrupted:     0 kB
AnonHugePages:   1083392 kB
CmaTotal:              0 kB
CmaFree:               0 kB
HugePages_Total:       0
HugePages_Free:        0
HugePages_Rsvd:        0
HugePages_Surp:        0
Hugepagesize:       2048 kB
DirectMap4k:      428800 kB
DirectMap2M:     7905280 kB
DirectMap1G:           0 kB


CPU:total 8 (4 cores per cpu, 2 threads per core) family 6 model 60 stepping 3, cmov, cx8, fxsr, mmx, sse, sse2, sse3, ssse3, sse4.1, sse4.2, popcnt, avx, avx2, aes, clmul, erms, lzcnt, ht, tsc, tscinvbit, bmi1, bmi2

/proc/cpuinfo:
processor	: 0
vendor_id	: GenuineIntel
cpu family	: 6
model		: 60
model name	: Intel(R) Core(TM) i7-4700MQ CPU @ 2.40GHz
stepping	: 3
microcode	: 0x1e
cpu MHz		: 2641.031
cache size	: 6144 KB
physical id	: 0
siblings	: 8
core id		: 0
cpu cores	: 4
apicid		: 0
initial apicid	: 0
fpu		: yes
fpu_exception	: yes
cpuid level	: 13
wp		: yes
flags		: fpu vme de pse tsc msr pae mce cx8 apic sep mtrr pge mca cmov pat pse36 clflush dts acpi mmx fxsr sse sse2 ss ht tm pbe syscall nx pdpe1gb rdtscp lm constant_tsc arch_perfmon pebs bts rep_good nopl xtopology nonstop_tsc aperfmperf eagerfpu pni pclmulqdq dtes64 monitor ds_cpl vmx est tm2 ssse3 sdbg fma cx16 xtpr pdcm pcid sse4_1 sse4_2 movbe popcnt tsc_deadline_timer aes xsave avx f16c rdrand lahf_lm abm ida arat epb pln pts dtherm tpr_shadow vnmi flexpriority ept vpid fsgsbase tsc_adjust bmi1 avx2 smep bmi2 erms invpcid xsaveopt
bugs		:
bogomips	: 4788.84
clflush size	: 64
cache_alignment	: 64
address sizes	: 39 bits physical, 48 bits virtual
power management:

processor	: 1
vendor_id	: GenuineIntel
cpu family	: 6
model		: 60
model name	: Intel(R) Core(TM) i7-4700MQ CPU @ 2.40GHz
stepping	: 3
microcode	: 0x1e
cpu MHz		: 3230.625
cache size	: 6144 KB
physical id	: 0
siblings	: 8
core id		: 0
cpu cores	: 4
apicid		: 1
initial apicid	: 1
fpu		: yes
fpu_exception	: yes
cpuid level	: 13
wp		: yes
flags		: fpu vme de pse tsc msr pae mce cx8 apic sep mtrr pge mca cmov pat pse36 clflush dts acpi mmx fxsr sse sse2 ss ht tm pbe syscall nx pdpe1gb rdtscp lm constant_tsc arch_perfmon pebs bts rep_good nopl xtopology nonstop_tsc aperfmperf eagerfpu pni pclmulqdq dtes64 monitor ds_cpl vmx est tm2 ssse3 sdbg fma cx16 xtpr pdcm pcid sse4_1 sse4_2 movbe popcnt tsc_deadline_timer aes xsave avx f16c rdrand lahf_lm abm ida arat epb pln pts dtherm tpr_shadow vnmi flexpriority ept vpid fsgsbase tsc_adjust bmi1 avx2 smep bmi2 erms invpcid xsaveopt
bugs		:
bogomips	: 4788.84
clflush size	: 64
cache_alignment	: 64
address sizes	: 39 bits physical, 48 bits virtual
power management:

processor	: 2
vendor_id	: GenuineIntel
cpu family	: 6
model		: 60
model name	: Intel(R) Core(TM) i7-4700MQ CPU @ 2.40GHz
stepping	: 3
microcode	: 0x1e
cpu MHz		: 3273.843
cache size	: 6144 KB
physical id	: 0
siblings	: 8
core id		: 1
cpu cores	: 4
apicid		: 2
initial apicid	: 2
fpu		: yes
fpu_exception	: yes
cpuid level	: 13
wp		: yes
flags		: fpu vme de pse tsc msr pae mce cx8 apic sep mtrr pge mca cmov pat pse36 clflush dts acpi mmx fxsr sse sse2 ss ht tm pbe syscall nx pdpe1gb rdtscp lm constant_tsc arch_perfmon pebs bts rep_good nopl xtopology nonstop_tsc aperfmperf eagerfpu pni pclmulqdq dtes64 monitor ds_cpl vmx est tm2 ssse3 sdbg fma cx16 xtpr pdcm pcid sse4_1 sse4_2 movbe popcnt tsc_deadline_timer aes xsave avx f16c rdrand lahf_lm abm ida arat epb pln pts dtherm tpr_shadow vnmi flexpriority ept vpid fsgsbase tsc_adjust bmi1 avx2 smep bmi2 erms invpcid xsaveopt
bugs		:
bogomips	: 4788.84
clflush size	: 64
cache_alignment	: 64
address sizes	: 39 bits physical, 48 bits virtual
power management:

processor	: 3
vendor_id	: GenuineIntel
cpu family	: 6
model		: 60
model name	: Intel(R) Core(TM) i7-4700MQ CPU @ 2.40GHz
stepping	: 3
microcode	: 0x1e
cpu MHz		: 2958.562
cache size	: 6144 KB
physical id	: 0
siblings	: 8
core id		: 1
cpu cores	: 4
apicid		: 3
initial apicid	: 3
fpu		: yes
fpu_exception	: yes
cpuid level	: 13
wp		: yes
flags		: fpu vme de pse tsc msr pae mce cx8 apic sep mtrr pge mca cmov pat pse36 clflush dts acpi mmx fxsr sse sse2 ss ht tm pbe syscall nx pdpe1gb rdtscp lm constant_tsc arch_perfmon pebs bts rep_good nopl xtopology nonstop_tsc aperfmperf eagerfpu pni pclmulqdq dtes64 monitor ds_cpl vmx est tm2 ssse3 sdbg fma cx16 xtpr pdcm pcid sse4_1 sse4_2 movbe popcnt tsc_deadline_timer aes xsave avx f16c rdrand lahf_lm abm ida arat epb pln pts dtherm tpr_shadow vnmi flexpriority ept vpid fsgsbase tsc_adjust bmi1 avx2 smep bmi2 erms invpcid xsaveopt
bugs		:
bogomips	: 4788.84
clflush size	: 64
cache_alignment	: 64
address sizes	: 39 bits physical, 48 bits virtual
power management:

processor	: 4
vendor_id	: GenuineIntel
cpu family	: 6
model		: 60
model name	: Intel(R) Core(TM) i7-4700MQ CPU @ 2.40GHz
stepping	: 3
microcode	: 0x1e
cpu MHz		: 3160.500
cache size	: 6144 KB
physical id	: 0
siblings	: 8
core id		: 2
cpu cores	: 4
apicid		: 4
initial apicid	: 4
fpu		: yes
fpu_exception	: yes
cpuid level	: 13
wp		: yes
flags		: fpu vme de pse tsc msr pae mce cx8 apic sep mtrr pge mca cmov pat pse36 clflush dts acpi mmx fxsr sse sse2 ss ht tm pbe syscall nx pdpe1gb rdtscp lm constant_tsc arch_perfmon pebs bts rep_good nopl xtopology nonstop_tsc aperfmperf eagerfpu pni pclmulqdq dtes64 monitor ds_cpl vmx est tm2 ssse3 sdbg fma cx16 xtpr pdcm pcid sse4_1 sse4_2 movbe popcnt tsc_deadline_timer aes xsave avx f16c rdrand lahf_lm abm ida arat epb pln pts dtherm tpr_shadow vnmi flexpriority ept vpid fsgsbase tsc_adjust bmi1 avx2 smep bmi2 erms invpcid xsaveopt
bugs		:
bogomips	: 4788.84
clflush size	: 64
cache_alignment	: 64
address sizes	: 39 bits physical, 48 bits virtual
power management:

processor	: 5
vendor_id	: GenuineIntel
cpu family	: 6
model		: 60
model name	: Intel(R) Core(TM) i7-4700MQ CPU @ 2.40GHz
stepping	: 3
microcode	: 0x1e
cpu MHz		: 3201.843
cache size	: 6144 KB
physical id	: 0
siblings	: 8
core id		: 2
cpu cores	: 4
apicid		: 5
initial apicid	: 5
fpu		: yes
fpu_exception	: yes
cpuid level	: 13
wp		: yes
flags		: fpu vme de pse tsc msr pae mce cx8 apic sep mtrr pge mca cmov pat pse36 clflush dts acpi mmx fxsr sse sse2 ss ht tm pbe syscall nx pdpe1gb rdtscp lm constant_tsc arch_perfmon pebs bts rep_good nopl xtopology nonstop_tsc aperfmperf eagerfpu pni pclmulqdq dtes64 monitor ds_cpl vmx est tm2 ssse3 sdbg fma cx16 xtpr pdcm pcid sse4_1 sse4_2 movbe popcnt tsc_deadline_timer aes xsave avx f16c rdrand lahf_lm abm ida arat epb pln pts dtherm tpr_shadow vnmi flexpriority ept vpid fsgsbase tsc_adjust bmi1 avx2 smep bmi2 erms invpcid xsaveopt
bugs		:
bogomips	: 4788.84
clflush size	: 64
cache_alignment	: 64
address sizes	: 39 bits physical, 48 bits virtual
power management:

processor	: 6
vendor_id	: GenuineIntel
cpu family	: 6
model		: 60
model name	: Intel(R) Core(TM) i7-4700MQ CPU @ 2.40GHz
stepping	: 3
microcode	: 0x1e
cpu MHz		: 3115.125
cache size	: 6144 KB
physical id	: 0
siblings	: 8
core id		: 3
cpu cores	: 4
apicid		: 6
initial apicid	: 6
fpu		: yes
fpu_exception	: yes
cpuid level	: 13
wp		: yes
flags		: fpu vme de pse tsc msr pae mce cx8 apic sep mtrr pge mca cmov pat pse36 clflush dts acpi mmx fxsr sse sse2 ss ht tm pbe syscall nx pdpe1gb rdtscp lm constant_tsc arch_perfmon pebs bts rep_good nopl xtopology nonstop_tsc aperfmperf eagerfpu pni pclmulqdq dtes64 monitor ds_cpl vmx est tm2 ssse3 sdbg fma cx16 xtpr pdcm pcid sse4_1 sse4_2 movbe popcnt tsc_deadline_timer aes xsave avx f16c rdrand lahf_lm abm ida arat epb pln pts dtherm tpr_shadow vnmi flexpriority ept vpid fsgsbase tsc_adjust bmi1 avx2 smep bmi2 erms invpcid xsaveopt
bugs		:
bogomips	: 4788.84
clflush size	: 64
cache_alignment	: 64
address sizes	: 39 bits physical, 48 bits virtual
power management:

processor	: 7
vendor_id	: GenuineIntel
cpu family	: 6
model		: 60
model name	: Intel(R) Core(TM) i7-4700MQ CPU @ 2.40GHz
stepping	: 3
microcode	: 0x1e
cpu MHz		: 2651.437
cache size	: 6144 KB
physical id	: 0
siblings	: 8
core id		: 3
cpu cores	: 4
apicid		: 7
initial apicid	: 7
fpu		: yes
fpu_exception	: yes
cpuid level	: 13
wp		: yes
flags		: fpu vme de pse tsc msr pae mce cx8 apic sep mtrr pge mca cmov pat pse36 clflush dts acpi mmx fxsr sse sse2 ss ht tm pbe syscall nx pdpe1gb rdtscp lm constant_tsc arch_perfmon pebs bts rep_good nopl xtopology nonstop_tsc aperfmperf eagerfpu pni pclmulqdq dtes64 monitor ds_cpl vmx est tm2 ssse3 sdbg fma cx16 xtpr pdcm pcid sse4_1 sse4_2 movbe popcnt tsc_deadline_timer aes xsave avx f16c rdrand lahf_lm abm ida arat epb pln pts dtherm tpr_shadow vnmi flexpriority ept vpid fsgsbase tsc_adjust bmi1 avx2 smep bmi2 erms invpcid xsaveopt
bugs		:
bogomips	: 4788.84
clflush size	: 64
cache_alignment	: 64
address sizes	: 39 bits physical, 48 bits virtual
power management:



Memory: 4k page, physical 8120156k(81956k free), swap 0k(0k free)

vm_info: Java HotSpot(TM) 64-Bit Server VM (25.77-b03) for linux-amd64 JRE (1.8.0_77-b03), built on Mar 20 2016 22:00:46 by "java_re" with gcc 4.3.0 20080428 (Red Hat 4.3.0-8)

time: Wed Mar 30 21:16:13 2016
elapsed time: 36 seconds (0d 0h 0m 36s)

